[05-Jan-2023 15:57:03 UTC] PHP Notice:  Array to string conversion in C:\_GitHub\PHP_CS_InExSu\Haggarty-mathematic-discrete-for-programmers-2012\lib_Math_Discrete_Tests.php on line 43
[05-Jan-2023 15:57:03 UTC] PHP Notice:  Array to string conversion in C:\_GitHub\PHP_CS_InExSu\Haggarty-mathematic-discrete-for-programmers-2012\lib_Math_Discrete_Tests.php on line 43
[05-Jan-2023 15:57:03 UTC] PHP Notice:  Array to string conversion in C:\_GitHub\PHP_CS_InExSu\Haggarty-mathematic-discrete-for-programmers-2012\lib_Math_Discrete_Tests.php on line 43
[05-Jan-2023 15:57:03 UTC] PHP Notice:  Array to string conversion in C:\_GitHub\PHP_CS_InExSu\Haggarty-mathematic-discrete-for-programmers-2012\lib_Math_Discrete_Tests.php on line 43
[05-Jan-2023 15:57:03 UTC] PHP Notice:  Array to string conversion in C:\_GitHub\PHP_CS_InExSu\Haggarty-mathematic-discrete-for-programmers-2012\lib_Math_Discrete_Tests.php on line 43
[05-Jan-2023 15:57:03 UTC] PHP Notice:  Array to string conversion in C:\_GitHub\PHP_CS_InExSu\Haggarty-mathematic-discrete-for-programmers-2012\lib_Math_Discrete_Tests.php on line 43
[05-Jan-2023 15:57:03 UTC] PHP Notice:  Array to string conversion in C:\_GitHub\PHP_CS_InExSu\Haggarty-mathematic-discrete-for-programmers-2012\lib_Math_Discrete_Tests.php on line 43
[05-Jan-2023 15:57:03 UTC] PHP Notice:  Array to string conversion in C:\_GitHub\PHP_CS_InExSu\Haggarty-mathematic-discrete-for-programmers-2012\lib_Math_Discrete_Tests.php on line 43
[05-Jan-2023 15:57:03 UTC] PHP Notice:  Array to string conversion in C:\_GitHub\PHP_CS_InExSu\Haggarty-mathematic-discrete-for-programmers-2012\lib_Math_Discrete_Tests.php on line 43
[05-Jan-2023 15:57:03 UTC] PHP Notice:  Array to string conversion in C:\_GitHub\PHP_CS_InExSu\Haggarty-mathematic-discrete-for-programmers-2012\lib_Math_Discrete_Tests.php on line 43
[05-Jan-2023 15:57:03 UTC] PHP Notice:  Array to string conversion in C:\_GitHub\PHP_CS_InExSu\Haggarty-mathematic-discrete-for-programmers-2012\lib_Math_Discrete_Tests.php on line 43
[05-Jan-2023 15:57:03 UTC] PHP Notice:  Array to string conversion in C:\_GitHub\PHP_CS_InExSu\Haggarty-mathematic-discrete-for-programmers-2012\lib_Math_Discrete_Tests.php on line 43
[05-Jan-2023 15:57:03 UTC] PHP Notice:  Array to string conversion in C:\_GitHub\PHP_CS_InExSu\Haggarty-mathematic-discrete-for-programmers-2012\lib_Math_Discrete_Tests.php on line 43
[05-Jan-2023 15:57:03 UTC] PHP Notice:  Array to string conversion in C:\_GitHub\PHP_CS_InExSu\Haggarty-mathematic-discrete-for-programmers-2012\lib_Math_Discrete_Tests.php on line 43
[05-Jan-2023 15:57:35 UTC] PHP Notice:  Array to string conversion in C:\_GitHub\PHP_CS_InExSu\Haggarty-mathematic-discrete-for-programmers-2012\lib_Math_Discrete_Tests.php on line 43
[05-Jan-2023 15:57:35 UTC] PHP Notice:  Array to string conversion in C:\_GitHub\PHP_CS_InExSu\Haggarty-mathematic-discrete-for-programmers-2012\lib_Math_Discrete_Tests.php on line 43
[05-Jan-2023 15:57:35 UTC] PHP Notice:  Array to string conversion in C:\_GitHub\PHP_CS_InExSu\Haggarty-mathematic-discrete-for-programmers-2012\lib_Math_Discrete_Tests.php on line 43
[05-Jan-2023 15:57:35 UTC] PHP Notice:  Array to string conversion in C:\_GitHub\PHP_CS_InExSu\Haggarty-mathematic-discrete-for-programmers-2012\lib_Math_Discrete_Tests.php on line 43
[05-Jan-2023 15:57:35 UTC] PHP Notice:  Array to string conversion in C:\_GitHub\PHP_CS_InExSu\Haggarty-mathematic-discrete-for-programmers-2012\lib_Math_Discrete_Tests.php on line 43
[05-Jan-2023 15:57:35 UTC] PHP Notice:  Array to string conversion in C:\_GitHub\PHP_CS_InExSu\Haggarty-mathematic-discrete-for-programmers-2012\lib_Math_Discrete_Tests.php on line 43
[05-Jan-2023 15:57:35 UTC] PHP Notice:  Array to string conversion in C:\_GitHub\PHP_CS_InExSu\Haggarty-mathematic-discrete-for-programmers-2012\lib_Math_Discrete_Tests.php on line 43
[05-Jan-2023 15:57:35 UTC] PHP Notice:  Array to string conversion in C:\_GitHub\PHP_CS_InExSu\Haggarty-mathematic-discrete-for-programmers-2012\lib_Math_Discrete_Tests.php on line 43
[05-Jan-2023 15:57:35 UTC] PHP Notice:  Array to string conversion in C:\_GitHub\PHP_CS_InExSu\Haggarty-mathematic-discrete-for-programmers-2012\lib_Math_Discrete_Tests.php on line 43
[05-Jan-2023 15:57:35 UTC] PHP Notice:  Array to string conversion in C:\_GitHub\PHP_CS_InExSu\Haggarty-mathematic-discrete-for-programmers-2012\lib_Math_Discrete_Tests.php on line 43
[05-Jan-2023 15:57:35 UTC] PHP Notice:  Array to string conversion in C:\_GitHub\PHP_CS_InExSu\Haggarty-mathematic-discrete-for-programmers-2012\lib_Math_Discrete_Tests.php on line 43
[05-Jan-2023 15:57:35 UTC] PHP Notice:  Array to string conversion in C:\_GitHub\PHP_CS_InExSu\Haggarty-mathematic-discrete-for-programmers-2012\lib_Math_Discrete_Tests.php on line 43
[05-Jan-2023 15:57:35 UTC] PHP Notice:  Array to string conversion in C:\_GitHub\PHP_CS_InExSu\Haggarty-mathematic-discrete-for-programmers-2012\lib_Math_Discrete_Tests.php on line 43
[05-Jan-2023 15:57:35 UTC] PHP Notice:  Array to string conversion in C:\_GitHub\PHP_CS_InExSu\Haggarty-mathematic-discrete-for-programmers-2012\lib_Math_Discrete_Tests.php on line 43
[05-Jan-2023 15:58:37 UTC] PHP Notice:  Array to string conversion in C:\_GitHub\PHP_CS_InExSu\Haggarty-mathematic-discrete-for-programmers-2012\lib_Math_Discrete_Tests.php on line 44
[05-Jan-2023 15:58:37 UTC] PHP Notice:  Array to string conversion in C:\_GitHub\PHP_CS_InExSu\Haggarty-mathematic-discrete-for-programmers-2012\lib_Math_Discrete_Tests.php on line 44
[05-Jan-2023 15:58:37 UTC] PHP Notice:  Array to string conversion in C:\_GitHub\PHP_CS_InExSu\Haggarty-mathematic-discrete-for-programmers-2012\lib_Math_Discrete_Tests.php on line 44
[05-Jan-2023 15:58:37 UTC] PHP Notice:  Array to string conversion in C:\_GitHub\PHP_CS_InExSu\Haggarty-mathematic-discrete-for-programmers-2012\lib_Math_Discrete_Tests.php on line 44
[05-Jan-2023 15:58:37 UTC] PHP Notice:  Array to string conversion in C:\_GitHub\PHP_CS_InExSu\Haggarty-mathematic-discrete-for-programmers-2012\lib_Math_Discrete_Tests.php on line 44
[05-Jan-2023 15:58:37 UTC] PHP Notice:  Array to string conversion in C:\_GitHub\PHP_CS_InExSu\Haggarty-mathematic-discrete-for-programmers-2012\lib_Math_Discrete_Tests.php on line 44
[05-Jan-2023 15:58:37 UTC] PHP Notice:  Array to string conversion in C:\_GitHub\PHP_CS_InExSu\Haggarty-mathematic-discrete-for-programmers-2012\lib_Math_Discrete_Tests.php on line 44
[05-Jan-2023 15:58:37 UTC] PHP Notice:  Array to string conversion in C:\_GitHub\PHP_CS_InExSu\Haggarty-mathematic-discrete-for-programmers-2012\lib_Math_Discrete_Tests.php on line 44
[05-Jan-2023 15:58:37 UTC] PHP Notice:  Array to string conversion in C:\_GitHub\PHP_CS_InExSu\Haggarty-mathematic-discrete-for-programmers-2012\lib_Math_Discrete_Tests.php on line 44
[05-Jan-2023 15:58:37 UTC] PHP Notice:  Array to string conversion in C:\_GitHub\PHP_CS_InExSu\Haggarty-mathematic-discrete-for-programmers-2012\lib_Math_Discrete_Tests.php on line 44
[05-Jan-2023 15:58:37 UTC] PHP Notice:  Array to string conversion in C:\_GitHub\PHP_CS_InExSu\Haggarty-mathematic-discrete-for-programmers-2012\lib_Math_Discrete_Tests.php on line 44
[05-Jan-2023 15:58:37 UTC] PHP Notice:  Array to string conversion in C:\_GitHub\PHP_CS_InExSu\Haggarty-mathematic-discrete-for-programmers-2012\lib_Math_Discrete_Tests.php on line 44
[05-Jan-2023 15:58:37 UTC] PHP Notice:  Array to string conversion in C:\_GitHub\PHP_CS_InExSu\Haggarty-mathematic-discrete-for-programmers-2012\lib_Math_Discrete_Tests.php on line 44
[05-Jan-2023 15:58:37 UTC] PHP Notice:  Array to string conversion in C:\_GitHub\PHP_CS_InExSu\Haggarty-mathematic-discrete-for-programmers-2012\lib_Math_Discrete_Tests.php on line 44
[05-Jan-2023 16:50:17 UTC] PHP Notice:  Undefined offset: 2 in C:\_GitHub\PHP_CS_InExSu\Haggarty-mathematic-discrete-for-programmers-2012\lib_Math_Discrete.php on line 49
[05-Jan-2023 16:50:17 UTC] PHP Notice:  Undefined offset: 2 in C:\_GitHub\PHP_CS_InExSu\Haggarty-mathematic-discrete-for-programmers-2012\lib_Math_Discrete.php on line 51
[05-Jan-2023 16:50:17 UTC] PHP Notice:  Undefined offset: 2 in C:\_GitHub\PHP_CS_InExSu\Haggarty-mathematic-discrete-for-programmers-2012\lib_Math_Discrete.php on line 49
[05-Jan-2023 16:50:17 UTC] PHP Notice:  Undefined index:  in C:\_GitHub\PHP_CS_InExSu\Haggarty-mathematic-discrete-for-programmers-2012\lib_Math_Discrete.php on line 54
[05-Jan-2023 16:50:17 UTC] PHP Fatal error:  Uncaught TypeError: Return value of graph_Edges_Min() must be of the type array, null returned in C:\_GitHub\PHP_CS_InExSu\Haggarty-mathematic-discrete-for-programmers-2012\lib_Math_Discrete.php:54
Stack trace:
#0 C:\_GitHub\PHP_CS_InExSu\Haggarty-mathematic-discrete-for-programmers-2012\lib_Math_Discrete_Tests.php(54): graph_Edges_Min(Array)
#1 C:\_GitHub\PHP_CS_InExSu\Haggarty-mathematic-discrete-for-programmers-2012\lib_Math_Discrete_Tests.php(58): graph_Edges_Min_Test()
#2 {main}
  thrown in C:\_GitHub\PHP_CS_InExSu\Haggarty-mathematic-discrete-for-programmers-2012\lib_Math_Discrete.php on line 54
[05-Jan-2023 16:54:51 UTC] PHP Warning:  Use of undefined constant i - assumed 'i' (this will throw an Error in a future version of PHP) in C:\_GitHub\PHP_CS_InExSu\Haggarty-mathematic-discrete-for-programmers-2012\lib_Math_Discrete.php on line 53
[05-Jan-2023 16:54:51 UTC] PHP Warning:  Use of undefined constant i - assumed 'i' (this will throw an Error in a future version of PHP) in C:\_GitHub\PHP_CS_InExSu\Haggarty-mathematic-discrete-for-programmers-2012\lib_Math_Discrete.php on line 53
[05-Jan-2023 16:54:51 UTC] PHP Notice:  Undefined index: i in C:\_GitHub\PHP_CS_InExSu\Haggarty-mathematic-discrete-for-programmers-2012\lib_Math_Discrete.php on line 56
[05-Jan-2023 16:54:51 UTC] PHP Fatal error:  Uncaught TypeError: Return value of graph_Edges_Min() must be of the type array, null returned in C:\_GitHub\PHP_CS_InExSu\Haggarty-mathematic-discrete-for-programmers-2012\lib_Math_Discrete.php:56
Stack trace:
#0 C:\_GitHub\PHP_CS_InExSu\Haggarty-mathematic-discrete-for-programmers-2012\lib_Math_Discrete_Tests.php(54): graph_Edges_Min(Array)
#1 C:\_GitHub\PHP_CS_InExSu\Haggarty-mathematic-discrete-for-programmers-2012\lib_Math_Discrete_Tests.php(58): graph_Edges_Min_Test()
#2 {main}
  thrown in C:\_GitHub\PHP_CS_InExSu\Haggarty-mathematic-discrete-for-programmers-2012\lib_Math_Discrete.php on line 56
[05-Jan-2023 16:55:26 UTC] PHP Warning:  assert(): assert($arr[1] == 2) failed in C:\_GitHub\PHP_CS_InExSu\Haggarty-mathematic-discrete-for-programmers-2012\lib_Math_Discrete_Tests.php on line 55
[05-Jan-2023 16:55:42 UTC] PHP Notice:  Uninitialized string offset: 2 in C:\_GitHub\PHP_CS_InExSu\Haggarty-mathematic-discrete-for-programmers-2012\lib_Math_Discrete_Tests.php on line 55
[05-Jan-2023 16:55:42 UTC] PHP Warning:  assert(): assert($arr[1][2] == 2) failed in C:\_GitHub\PHP_CS_InExSu\Haggarty-mathematic-discrete-for-programmers-2012\lib_Math_Discrete_Tests.php on line 55
[05-Jan-2023 16:57:23 UTC] PHP Notice:  Uninitialized string offset: 2 in C:\_GitHub\PHP_CS_InExSu\Haggarty-mathematic-discrete-for-programmers-2012\lib_Math_Discrete_Tests.php on line 55
[05-Jan-2023 16:57:23 UTC] PHP Warning:  assert(): assert($arr[0][2] == 2) failed in C:\_GitHub\PHP_CS_InExSu\Haggarty-mathematic-discrete-for-programmers-2012\lib_Math_Discrete_Tests.php on line 55
[05-Jan-2023 17:07:08 UTC] PHP Fatal error:  Uncaught TypeError: Argument 2 passed to graph_Vertex_Edges() must be of the type string, array given, called in C:\_GitHub\PHP_CS_InExSu\Haggarty-mathematic-discrete-for-programmers-2012\lib_Math_Discrete.php on line 18 and defined in C:\_GitHub\PHP_CS_InExSu\Haggarty-mathematic-discrete-for-programmers-2012\lib_Math_Discrete.php:28
Stack trace:
#0 C:\_GitHub\PHP_CS_InExSu\Haggarty-mathematic-discrete-for-programmers-2012\lib_Math_Discrete.php(18): graph_Vertex_Edges(Array, Array)
#1 C:\_GitHub\PHP_CS_InExSu\Haggarty-mathematic-discrete-for-programmers-2012\lib_Math_Discrete_Tests.php(30): graph_Prim(Array)
#2 C:\_GitHub\PHP_CS_InExSu\Haggarty-mathematic-discrete-for-programmers-2012\lib_Math_Discrete_Tests.php(60): graph_Prim_Test()
#3 {main}
  thrown in C:\_GitHub\PHP_CS_InExSu\Haggarty-mathematic-discrete-for-programmers-2012\lib_Math_Discrete.php on line 28
[05-Jan-2023 17:07:42 UTC] PHP Fatal error:  Uncaught TypeError: Argument 2 passed to graph_Vertex_Edges() must be of the type string, array given, called in C:\_GitHub\PHP_CS_InExSu\Haggarty-mathematic-discrete-for-programmers-2012\lib_Math_Discrete.php on line 18 and defined in C:\_GitHub\PHP_CS_InExSu\Haggarty-mathematic-discrete-for-programmers-2012\lib_Math_Discrete.php:28
Stack trace:
#0 C:\_GitHub\PHP_CS_InExSu\Haggarty-mathematic-discrete-for-programmers-2012\lib_Math_Discrete.php(18): graph_Vertex_Edges(Array, Array)
#1 C:\_GitHub\PHP_CS_InExSu\Haggarty-mathematic-discrete-for-programmers-2012\lib_Math_Discrete_Tests.php(30): graph_Prim(Array)
#2 C:\_GitHub\PHP_CS_InExSu\Haggarty-mathematic-discrete-for-programmers-2012\lib_Math_Discrete_Tests.php(60): graph_Prim_Test()
#3 {main}
  thrown in C:\_GitHub\PHP_CS_InExSu\Haggarty-mathematic-discrete-for-programmers-2012\lib_Math_Discrete.php on line 28
[05-Jan-2023 17:08:01 UTC] PHP Fatal error:  Uncaught TypeError: Argument 2 passed to graph_Vertex_Edges() must be of the type string, array given, called in C:\_GitHub\PHP_CS_InExSu\Haggarty-mathematic-discrete-for-programmers-2012\lib_Math_Discrete.php on line 18 and defined in C:\_GitHub\PHP_CS_InExSu\Haggarty-mathematic-discrete-for-programmers-2012\lib_Math_Discrete.php:28
Stack trace:
#0 C:\_GitHub\PHP_CS_InExSu\Haggarty-mathematic-discrete-for-programmers-2012\lib_Math_Discrete.php(18): graph_Vertex_Edges(Array, Array)
#1 C:\_GitHub\PHP_CS_InExSu\Haggarty-mathematic-discrete-for-programmers-2012\lib_Math_Discrete_Tests.php(30): graph_Prim(Array)
#2 C:\_GitHub\PHP_CS_InExSu\Haggarty-mathematic-discrete-for-programmers-2012\lib_Math_Discrete_Tests.php(60): graph_Prim_Test()
#3 {main}
  thrown in C:\_GitHub\PHP_CS_InExSu\Haggarty-mathematic-discrete-for-programmers-2012\lib_Math_Discrete.php on line 28
[05-Jan-2023 17:08:50 UTC] PHP Notice:  Undefined offset: 2 in C:\_GitHub\PHP_CS_InExSu\Haggarty-mathematic-discrete-for-programmers-2012\lib_Math_Discrete.php on line 50
[05-Jan-2023 17:08:50 UTC] PHP Notice:  Undefined offset: 2 in C:\_GitHub\PHP_CS_InExSu\Haggarty-mathematic-discrete-for-programmers-2012\lib_Math_Discrete.php on line 52
[05-Jan-2023 17:08:50 UTC] PHP Notice:  Undefined offset: 2 in C:\_GitHub\PHP_CS_InExSu\Haggarty-mathematic-discrete-for-programmers-2012\lib_Math_Discrete.php on line 50
[05-Jan-2023 17:08:50 UTC] PHP Notice:  Undefined offset: 2 in C:\_GitHub\PHP_CS_InExSu\Haggarty-mathematic-discrete-for-programmers-2012\lib_Math_Discrete.php on line 52
[05-Jan-2023 17:08:50 UTC] PHP Notice:  Undefined offset: 2 in C:\_GitHub\PHP_CS_InExSu\Haggarty-mathematic-discrete-for-programmers-2012\lib_Math_Discrete.php on line 50
[05-Jan-2023 17:08:50 UTC] PHP Notice:  Undefined offset: 2 in C:\_GitHub\PHP_CS_InExSu\Haggarty-mathematic-discrete-for-programmers-2012\lib_Math_Discrete.php on line 50
[05-Jan-2023 17:08:50 UTC] PHP Notice:  Undefined offset: 2 in C:\_GitHub\PHP_CS_InExSu\Haggarty-mathematic-discrete-for-programmers-2012\lib_Math_Discrete.php on line 52
[05-Jan-2023 17:08:50 UTC] PHP Notice:  Undefined offset: 2 in C:\_GitHub\PHP_CS_InExSu\Haggarty-mathematic-discrete-for-programmers-2012\lib_Math_Discrete.php on line 50
[05-Jan-2023 17:08:50 UTC] PHP Notice:  Undefined offset: 2 in C:\_GitHub\PHP_CS_InExSu\Haggarty-mathematic-discrete-for-programmers-2012\lib_Math_Discrete.php on line 50
[05-Jan-2023 17:08:50 UTC] PHP Notice:  Undefined offset: 2 in C:\_GitHub\PHP_CS_InExSu\Haggarty-mathematic-discrete-for-programmers-2012\lib_Math_Discrete.php on line 50
[05-Jan-2023 17:08:50 UTC] PHP Notice:  Undefined offset: 2 in C:\_GitHub\PHP_CS_InExSu\Haggarty-mathematic-discrete-for-programmers-2012\lib_Math_Discrete.php on line 52
[05-Jan-2023 17:08:50 UTC] PHP Notice:  Undefined offset: 2 in C:\_GitHub\PHP_CS_InExSu\Haggarty-mathematic-discrete-for-programmers-2012\lib_Math_Discrete.php on line 50
[05-Jan-2023 17:08:50 UTC] PHP Notice:  Undefined offset: 2 in C:\_GitHub\PHP_CS_InExSu\Haggarty-mathematic-discrete-for-programmers-2012\lib_Math_Discrete.php on line 50
[05-Jan-2023 17:08:50 UTC] PHP Notice:  Undefined offset: 2 in C:\_GitHub\PHP_CS_InExSu\Haggarty-mathematic-discrete-for-programmers-2012\lib_Math_Discrete.php on line 50
[05-Jan-2023 17:08:50 UTC] PHP Notice:  Undefined offset: 2 in C:\_GitHub\PHP_CS_InExSu\Haggarty-mathematic-discrete-for-programmers-2012\lib_Math_Discrete.php on line 50
[05-Jan-2023 17:08:50 UTC] PHP Notice:  Undefined offset: 2 in C:\_GitHub\PHP_CS_InExSu\Haggarty-mathematic-discrete-for-programmers-2012\lib_Math_Discrete.php on line 52
[05-Jan-2023 17:08:50 UTC] PHP Notice:  Undefined offset: 2 in C:\_GitHub\PHP_CS_InExSu\Haggarty-mathematic-discrete-for-programmers-2012\lib_Math_Discrete.php on line 50
[05-Jan-2023 17:08:50 UTC] PHP Notice:  Undefined offset: 2 in C:\_GitHub\PHP_CS_InExSu\Haggarty-mathematic-discrete-for-programmers-2012\lib_Math_Discrete.php on line 50
[05-Jan-2023 17:08:50 UTC] PHP Notice:  Undefined offset: 2 in C:\_GitHub\PHP_CS_InExSu\Haggarty-mathematic-discrete-for-programmers-2012\lib_Math_Discrete.php on line 50
[05-Jan-2023 17:08:50 UTC] PHP Notice:  Undefined offset: 2 in C:\_GitHub\PHP_CS_InExSu\Haggarty-mathematic-discrete-for-programmers-2012\lib_Math_Discrete.php on line 50
[05-Jan-2023 17:08:50 UTC] PHP Notice:  Undefined offset: 2 in C:\_GitHub\PHP_CS_InExSu\Haggarty-mathematic-discrete-for-programmers-2012\lib_Math_Discrete.php on line 52
[05-Jan-2023 17:08:50 UTC] PHP Notice:  Undefined offset: 2 in C:\_GitHub\PHP_CS_InExSu\Haggarty-mathematic-discrete-for-programmers-2012\lib_Math_Discrete.php on line 50
[05-Jan-2023 17:08:50 UTC] PHP Notice:  Undefined offset: 2 in C:\_GitHub\PHP_CS_InExSu\Haggarty-mathematic-discrete-for-programmers-2012\lib_Math_Discrete.php on line 50
[05-Jan-2023 17:08:50 UTC] PHP Notice:  Undefined offset: 2 in C:\_GitHub\PHP_CS_InExSu\Haggarty-mathematic-discrete-for-programmers-2012\lib_Math_Discrete.php on line 50
[05-Jan-2023 17:08:50 UTC] PHP Notice:  Undefined offset: 2 in C:\_GitHub\PHP_CS_InExSu\Haggarty-mathematic-discrete-for-programmers-2012\lib_Math_Discrete.php on line 50
[05-Jan-2023 17:08:50 UTC] PHP Notice:  Undefined offset: 2 in C:\_GitHub\PHP_CS_InExSu\Haggarty-mathematic-discrete-for-programmers-2012\lib_Math_Discrete.php on line 52
[05-Jan-2023 17:08:50 UTC] PHP Notice:  Undefined offset: 2 in C:\_GitHub\PHP_CS_InExSu\Haggarty-mathematic-discrete-for-programmers-2012\lib_Math_Discrete.php on line 50
[05-Jan-2023 17:08:50 UTC] PHP Notice:  Undefined offset: 2 in C:\_GitHub\PHP_CS_InExSu\Haggarty-mathematic-discrete-for-programmers-2012\lib_Math_Discrete.php on line 50
[05-Jan-2023 17:08:50 UTC] PHP Notice:  Undefined offset: 2 in C:\_GitHub\PHP_CS_InExSu\Haggarty-mathematic-discrete-for-programmers-2012\lib_Math_Discrete.php on line 50
[05-Jan-2023 17:08:50 UTC] PHP Notice:  Undefined offset: 2 in C:\_GitHub\PHP_CS_InExSu\Haggarty-mathematic-discrete-for-programmers-2012\lib_Math_Discrete.php on line 50
[05-Jan-2023 17:08:50 UTC] PHP Notice:  Undefined offset: 2 in C:\_GitHub\PHP_CS_InExSu\Haggarty-mathematic-discrete-for-programmers-2012\lib_Math_Discrete.php on line 52
[05-Jan-2023 17:08:50 UTC] PHP Notice:  Undefined offset: 2 in C:\_GitHub\PHP_CS_InExSu\Haggarty-mathematic-discrete-for-programmers-2012\lib_Math_Discrete.php on line 50
[05-Jan-2023 17:08:50 UTC] PHP Notice:  Undefined offset: 2 in C:\_GitHub\PHP_CS_InExSu\Haggarty-mathematic-discrete-for-programmers-2012\lib_Math_Discrete.php on line 50
[05-Jan-2023 17:08:50 UTC] PHP Notice:  Undefined offset: 2 in C:\_GitHub\PHP_CS_InExSu\Haggarty-mathematic-discrete-for-programmers-2012\lib_Math_Discrete.php on line 50
[05-Jan-2023 17:08:50 UTC] PHP Notice:  Undefined offset: 2 in C:\_GitHub\PHP_CS_InExSu\Haggarty-mathematic-discrete-for-programmers-2012\lib_Math_Discrete.php on line 50
[05-Jan-2023 17:08:50 UTC] PHP Notice:  Undefined offset: 2 in C:\_GitHub\PHP_CS_InExSu\Haggarty-mathematic-discrete-for-programmers-2012\lib_Math_Discrete.php on line 50
[05-Jan-2023 17:08:50 UTC] PHP Notice:  Undefined offset: 2 in C:\_GitHub\PHP_CS_InExSu\Haggarty-mathematic-discrete-for-programmers-2012\lib_Math_Discrete.php on line 52
[05-Jan-2023 17:08:50 UTC] PHP Notice:  Undefined offset: 2 in C:\_GitHub\PHP_CS_InExSu\Haggarty-mathematic-discrete-for-programmers-2012\lib_Math_Discrete.php on line 50
[05-Jan-2023 17:08:50 UTC] PHP Notice:  Undefined offset: 2 in C:\_GitHub\PHP_CS_InExSu\Haggarty-mathematic-discrete-for-programmers-2012\lib_Math_Discrete.php on line 50
[05-Jan-2023 17:08:50 UTC] PHP Notice:  Undefined offset: 2 in C:\_GitHub\PHP_CS_InExSu\Haggarty-mathematic-discrete-for-programmers-2012\lib_Math_Discrete.php on line 50
[05-Jan-2023 17:08:50 UTC] PHP Notice:  Undefined offset: 2 in C:\_GitHub\PHP_CS_InExSu\Haggarty-mathematic-discrete-for-programmers-2012\lib_Math_Discrete.php on line 50
[05-Jan-2023 17:08:50 UTC] PHP Notice:  Undefined offset: 2 in C:\_GitHub\PHP_CS_InExSu\Haggarty-mathematic-discrete-for-programmers-2012\lib_Math_Discrete.php on line 50
[05-Jan-2023 17:08:50 UTC] PHP Notice:  Undefined offset: 2 in C:\_GitHub\PHP_CS_InExSu\Haggarty-mathematic-discrete-for-programmers-2012\lib_Math_Discrete.php on line 52
[05-Jan-2023 17:08:50 UTC] PHP Notice:  Undefined offset: 2 in C:\_GitHub\PHP_CS_InExSu\Haggarty-mathematic-discrete-for-programmers-2012\lib_Math_Discrete.php on line 50
[05-Jan-2023 17:08:50 UTC] PHP Notice:  Undefined offset: 2 in C:\_GitHub\PHP_CS_InExSu\Haggarty-mathematic-discrete-for-programmers-2012\lib_Math_Discrete.php on line 50
[05-Jan-2023 17:08:50 UTC] PHP Notice:  Undefined offset: 2 in C:\_GitHub\PHP_CS_InExSu\Haggarty-mathematic-discrete-for-programmers-2012\lib_Math_Discrete.php on line 50
[05-Jan-2023 17:08:50 UTC] PHP Notice:  Undefined offset: 2 in C:\_GitHub\PHP_CS_InExSu\Haggarty-mathematic-discrete-for-programmers-2012\lib_Math_Discrete.php on line 50
[05-Jan-2023 17:08:50 UTC] PHP Notice:  Undefined offset: 2 in C:\_GitHub\PHP_CS_InExSu\Haggarty-mathematic-discrete-for-programmers-2012\lib_Math_Discrete.php on line 50
[05-Jan-2023 17:08:50 UTC] PHP Notice:  Undefined offset: 2 in C:\_GitHub\PHP_CS_InExSu\Haggarty-mathematic-discrete-for-programmers-2012\lib_Math_Discrete.php on line 52
[05-Jan-2023 17:08:50 UTC] PHP Notice:  Undefined offset: 2 in C:\_GitHub\PHP_CS_InExSu\Haggarty-mathematic-discrete-for-programmers-2012\lib_Math_Discrete.php on line 50
[05-Jan-2023 17:08:50 UTC] PHP Notice:  Undefined offset: 2 in C:\_GitHub\PHP_CS_InExSu\Haggarty-mathematic-discrete-for-programmers-2012\lib_Math_Discrete.php on line 50
[05-Jan-2023 17:08:50 UTC] PHP Notice:  Undefined offset: 2 in C:\_GitHub\PHP_CS_InExSu\Haggarty-mathematic-discrete-for-programmers-2012\lib_Math_Discrete.php on line 50
[05-Jan-2023 17:08:50 UTC] PHP Notice:  Undefined offset: 2 in C:\_GitHub\PHP_CS_InExSu\Haggarty-mathematic-discrete-for-programmers-2012\lib_Math_Discrete.php on line 50
[05-Jan-2023 17:08:50 UTC] PHP Notice:  Undefined offset: 2 in C:\_GitHub\PHP_CS_InExSu\Haggarty-mathematic-discrete-for-programmers-2012\lib_Math_Discrete.php on line 50
[05-Jan-2023 17:08:50 UTC] PHP Notice:  Undefined offset: 2 in C:\_GitHub\PHP_CS_InExSu\Haggarty-mathematic-discrete-for-programmers-2012\lib_Math_Discrete.php on line 52
[05-Jan-2023 17:08:50 UTC] PHP Notice:  Undefined offset: 2 in C:\_GitHub\PHP_CS_InExSu\Haggarty-mathematic-discrete-for-programmers-2012\lib_Math_Discrete.php on line 50
[05-Jan-2023 17:08:50 UTC] PHP Notice:  Undefined offset: 2 in C:\_GitHub\PHP_CS_InExSu\Haggarty-mathematic-discrete-for-programmers-2012\lib_Math_Discrete.php on line 50
[05-Jan-2023 17:08:50 UTC] PHP Notice:  Undefined offset: 2 in C:\_GitHub\PHP_CS_InExSu\Haggarty-mathematic-discrete-for-programmers-2012\lib_Math_Discrete.php on line 50
[05-Jan-2023 17:08:50 UTC] PHP Notice:  Undefined offset: 2 in C:\_GitHub\PHP_CS_InExSu\Haggarty-mathematic-discrete-for-programmers-2012\lib_Math_Discrete.php on line 50
[05-Jan-2023 17:08:50 UTC] PHP Notice:  Undefined offset: 2 in C:\_GitHub\PHP_CS_InExSu\Haggarty-mathematic-discrete-for-programmers-2012\lib_Math_Discrete.php on line 50
[05-Jan-2023 17:10:46 UTC] PHP Warning:  Use of undefined constant array_way - assumed 'array_way' (this will throw an Error in a future version of PHP) in C:\_GitHub\PHP_CS_InExSu\Haggarty-mathematic-discrete-for-programmers-2012\lib_Math_Discrete.php on line 19
[05-Jan-2023 17:10:46 UTC] PHP Notice:  Undefined offset: 2 in C:\_GitHub\PHP_CS_InExSu\Haggarty-mathematic-discrete-for-programmers-2012\lib_Math_Discrete.php on line 50
[05-Jan-2023 17:10:46 UTC] PHP Notice:  Undefined offset: 2 in C:\_GitHub\PHP_CS_InExSu\Haggarty-mathematic-discrete-for-programmers-2012\lib_Math_Discrete.php on line 52
[05-Jan-2023 17:10:46 UTC] PHP Warning:  array_merge(): Expected parameter 1 to be an array, string given in C:\_GitHub\PHP_CS_InExSu\Haggarty-mathematic-discrete-for-programmers-2012\lib_Math_Discrete.php on line 19
[05-Jan-2023 17:10:46 UTC] PHP Warning:  Use of undefined constant array_way - assumed 'array_way' (this will throw an Error in a future version of PHP) in C:\_GitHub\PHP_CS_InExSu\Haggarty-mathematic-discrete-for-programmers-2012\lib_Math_Discrete.php on line 19
[05-Jan-2023 17:10:46 UTC] PHP Notice:  Undefined offset: 2 in C:\_GitHub\PHP_CS_InExSu\Haggarty-mathematic-discrete-for-programmers-2012\lib_Math_Discrete.php on line 50
[05-Jan-2023 17:10:46 UTC] PHP Notice:  Undefined offset: 2 in C:\_GitHub\PHP_CS_InExSu\Haggarty-mathematic-discrete-for-programmers-2012\lib_Math_Discrete.php on line 52
[05-Jan-2023 17:10:46 UTC] PHP Notice:  Undefined offset: 2 in C:\_GitHub\PHP_CS_InExSu\Haggarty-mathematic-discrete-for-programmers-2012\lib_Math_Discrete.php on line 50
[05-Jan-2023 17:10:46 UTC] PHP Warning:  array_merge(): Expected parameter 1 to be an array, string given in C:\_GitHub\PHP_CS_InExSu\Haggarty-mathematic-discrete-for-programmers-2012\lib_Math_Discrete.php on line 19
[05-Jan-2023 17:10:46 UTC] PHP Warning:  Use of undefined constant array_way - assumed 'array_way' (this will throw an Error in a future version of PHP) in C:\_GitHub\PHP_CS_InExSu\Haggarty-mathematic-discrete-for-programmers-2012\lib_Math_Discrete.php on line 19
[05-Jan-2023 17:10:46 UTC] PHP Notice:  Undefined offset: 2 in C:\_GitHub\PHP_CS_InExSu\Haggarty-mathematic-discrete-for-programmers-2012\lib_Math_Discrete.php on line 50
[05-Jan-2023 17:10:46 UTC] PHP Notice:  Undefined offset: 2 in C:\_GitHub\PHP_CS_InExSu\Haggarty-mathematic-discrete-for-programmers-2012\lib_Math_Discrete.php on line 52
[05-Jan-2023 17:10:46 UTC] PHP Notice:  Undefined offset: 2 in C:\_GitHub\PHP_CS_InExSu\Haggarty-mathematic-discrete-for-programmers-2012\lib_Math_Discrete.php on line 50
[05-Jan-2023 17:10:46 UTC] PHP Notice:  Undefined offset: 2 in C:\_GitHub\PHP_CS_InExSu\Haggarty-mathematic-discrete-for-programmers-2012\lib_Math_Discrete.php on line 50
[05-Jan-2023 17:10:46 UTC] PHP Warning:  array_merge(): Expected parameter 1 to be an array, string given in C:\_GitHub\PHP_CS_InExSu\Haggarty-mathematic-discrete-for-programmers-2012\lib_Math_Discrete.php on line 19
[05-Jan-2023 17:10:46 UTC] PHP Warning:  Use of undefined constant array_way - assumed 'array_way' (this will throw an Error in a future version of PHP) in C:\_GitHub\PHP_CS_InExSu\Haggarty-mathematic-discrete-for-programmers-2012\lib_Math_Discrete.php on line 19
[05-Jan-2023 17:10:46 UTC] PHP Notice:  Undefined offset: 2 in C:\_GitHub\PHP_CS_InExSu\Haggarty-mathematic-discrete-for-programmers-2012\lib_Math_Discrete.php on line 50
[05-Jan-2023 17:10:46 UTC] PHP Notice:  Undefined offset: 2 in C:\_GitHub\PHP_CS_InExSu\Haggarty-mathematic-discrete-for-programmers-2012\lib_Math_Discrete.php on line 52
[05-Jan-2023 17:10:46 UTC] PHP Notice:  Undefined offset: 2 in C:\_GitHub\PHP_CS_InExSu\Haggarty-mathematic-discrete-for-programmers-2012\lib_Math_Discrete.php on line 50
[05-Jan-2023 17:10:46 UTC] PHP Notice:  Undefined offset: 2 in C:\_GitHub\PHP_CS_InExSu\Haggarty-mathematic-discrete-for-programmers-2012\lib_Math_Discrete.php on line 50
[05-Jan-2023 17:10:46 UTC] PHP Notice:  Undefined offset: 2 in C:\_GitHub\PHP_CS_InExSu\Haggarty-mathematic-discrete-for-programmers-2012\lib_Math_Discrete.php on line 50
[05-Jan-2023 17:10:46 UTC] PHP Warning:  array_merge(): Expected parameter 1 to be an array, string given in C:\_GitHub\PHP_CS_InExSu\Haggarty-mathematic-discrete-for-programmers-2012\lib_Math_Discrete.php on line 19
[05-Jan-2023 17:10:46 UTC] PHP Warning:  Use of undefined constant array_way - assumed 'array_way' (this will throw an Error in a future version of PHP) in C:\_GitHub\PHP_CS_InExSu\Haggarty-mathematic-discrete-for-programmers-2012\lib_Math_Discrete.php on line 19
[05-Jan-2023 17:10:46 UTC] PHP Notice:  Undefined offset: 2 in C:\_GitHub\PHP_CS_InExSu\Haggarty-mathematic-discrete-for-programmers-2012\lib_Math_Discrete.php on line 50
[05-Jan-2023 17:10:46 UTC] PHP Notice:  Undefined offset: 2 in C:\_GitHub\PHP_CS_InExSu\Haggarty-mathematic-discrete-for-programmers-2012\lib_Math_Discrete.php on line 52
[05-Jan-2023 17:10:46 UTC] PHP Notice:  Undefined offset: 2 in C:\_GitHub\PHP_CS_InExSu\Haggarty-mathematic-discrete-for-programmers-2012\lib_Math_Discrete.php on line 50
[05-Jan-2023 17:10:46 UTC] PHP Notice:  Undefined offset: 2 in C:\_GitHub\PHP_CS_InExSu\Haggarty-mathematic-discrete-for-programmers-2012\lib_Math_Discrete.php on line 50
[05-Jan-2023 17:10:46 UTC] PHP Notice:  Undefined offset: 2 in C:\_GitHub\PHP_CS_InExSu\Haggarty-mathematic-discrete-for-programmers-2012\lib_Math_Discrete.php on line 50
[05-Jan-2023 17:10:46 UTC] PHP Warning:  array_merge(): Expected parameter 1 to be an array, string given in C:\_GitHub\PHP_CS_InExSu\Haggarty-mathematic-discrete-for-programmers-2012\lib_Math_Discrete.php on line 19
[05-Jan-2023 17:10:46 UTC] PHP Warning:  Use of undefined constant array_way - assumed 'array_way' (this will throw an Error in a future version of PHP) in C:\_GitHub\PHP_CS_InExSu\Haggarty-mathematic-discrete-for-programmers-2012\lib_Math_Discrete.php on line 19
[05-Jan-2023 17:10:46 UTC] PHP Notice:  Undefined offset: 2 in C:\_GitHub\PHP_CS_InExSu\Haggarty-mathematic-discrete-for-programmers-2012\lib_Math_Discrete.php on line 50
[05-Jan-2023 17:10:46 UTC] PHP Notice:  Undefined offset: 2 in C:\_GitHub\PHP_CS_InExSu\Haggarty-mathematic-discrete-for-programmers-2012\lib_Math_Discrete.php on line 52
[05-Jan-2023 17:10:46 UTC] PHP Notice:  Undefined offset: 2 in C:\_GitHub\PHP_CS_InExSu\Haggarty-mathematic-discrete-for-programmers-2012\lib_Math_Discrete.php on line 50
[05-Jan-2023 17:10:46 UTC] PHP Notice:  Undefined offset: 2 in C:\_GitHub\PHP_CS_InExSu\Haggarty-mathematic-discrete-for-programmers-2012\lib_Math_Discrete.php on line 50
[05-Jan-2023 17:10:46 UTC] PHP Notice:  Undefined offset: 2 in C:\_GitHub\PHP_CS_InExSu\Haggarty-mathematic-discrete-for-programmers-2012\lib_Math_Discrete.php on line 50
[05-Jan-2023 17:10:46 UTC] PHP Warning:  array_merge(): Expected parameter 1 to be an array, string given in C:\_GitHub\PHP_CS_InExSu\Haggarty-mathematic-discrete-for-programmers-2012\lib_Math_Discrete.php on line 19
[05-Jan-2023 17:10:46 UTC] PHP Warning:  Use of undefined constant array_way - assumed 'array_way' (this will throw an Error in a future version of PHP) in C:\_GitHub\PHP_CS_InExSu\Haggarty-mathematic-discrete-for-programmers-2012\lib_Math_Discrete.php on line 19
[05-Jan-2023 17:10:46 UTC] PHP Notice:  Undefined offset: 2 in C:\_GitHub\PHP_CS_InExSu\Haggarty-mathematic-discrete-for-programmers-2012\lib_Math_Discrete.php on line 50
[05-Jan-2023 17:10:46 UTC] PHP Notice:  Undefined offset: 2 in C:\_GitHub\PHP_CS_InExSu\Haggarty-mathematic-discrete-for-programmers-2012\lib_Math_Discrete.php on line 52
[05-Jan-2023 17:10:46 UTC] PHP Notice:  Undefined offset: 2 in C:\_GitHub\PHP_CS_InExSu\Haggarty-mathematic-discrete-for-programmers-2012\lib_Math_Discrete.php on line 50
[05-Jan-2023 17:10:46 UTC] PHP Notice:  Undefined offset: 2 in C:\_GitHub\PHP_CS_InExSu\Haggarty-mathematic-discrete-for-programmers-2012\lib_Math_Discrete.php on line 50
[05-Jan-2023 17:10:46 UTC] PHP Notice:  Undefined offset: 2 in C:\_GitHub\PHP_CS_InExSu\Haggarty-mathematic-discrete-for-programmers-2012\lib_Math_Discrete.php on line 50
[05-Jan-2023 17:10:46 UTC] PHP Warning:  array_merge(): Expected parameter 1 to be an array, string given in C:\_GitHub\PHP_CS_InExSu\Haggarty-mathematic-discrete-for-programmers-2012\lib_Math_Discrete.php on line 19
[05-Jan-2023 17:10:46 UTC] PHP Warning:  Use of undefined constant array_way - assumed 'array_way' (this will throw an Error in a future version of PHP) in C:\_GitHub\PHP_CS_InExSu\Haggarty-mathematic-discrete-for-programmers-2012\lib_Math_Discrete.php on line 19
[05-Jan-2023 17:10:46 UTC] PHP Notice:  Undefined offset: 2 in C:\_GitHub\PHP_CS_InExSu\Haggarty-mathematic-discrete-for-programmers-2012\lib_Math_Discrete.php on line 50
[05-Jan-2023 17:10:46 UTC] PHP Notice:  Undefined offset: 2 in C:\_GitHub\PHP_CS_InExSu\Haggarty-mathematic-discrete-for-programmers-2012\lib_Math_Discrete.php on line 52
[05-Jan-2023 17:10:46 UTC] PHP Notice:  Undefined offset: 2 in C:\_GitHub\PHP_CS_InExSu\Haggarty-mathematic-discrete-for-programmers-2012\lib_Math_Discrete.php on line 50
[05-Jan-2023 17:10:46 UTC] PHP Notice:  Undefined offset: 2 in C:\_GitHub\PHP_CS_InExSu\Haggarty-mathematic-discrete-for-programmers-2012\lib_Math_Discrete.php on line 50
[05-Jan-2023 17:10:46 UTC] PHP Notice:  Undefined offset: 2 in C:\_GitHub\PHP_CS_InExSu\Haggarty-mathematic-discrete-for-programmers-2012\lib_Math_Discrete.php on line 50
[05-Jan-2023 17:10:46 UTC] PHP Notice:  Undefined offset: 2 in C:\_GitHub\PHP_CS_InExSu\Haggarty-mathematic-discrete-for-programmers-2012\lib_Math_Discrete.php on line 50
[05-Jan-2023 17:10:46 UTC] PHP Warning:  array_merge(): Expected parameter 1 to be an array, string given in C:\_GitHub\PHP_CS_InExSu\Haggarty-mathematic-discrete-for-programmers-2012\lib_Math_Discrete.php on line 19
[05-Jan-2023 17:10:46 UTC] PHP Warning:  Use of undefined constant array_way - assumed 'array_way' (this will throw an Error in a future version of PHP) in C:\_GitHub\PHP_CS_InExSu\Haggarty-mathematic-discrete-for-programmers-2012\lib_Math_Discrete.php on line 19
[05-Jan-2023 17:10:46 UTC] PHP Notice:  Undefined offset: 2 in C:\_GitHub\PHP_CS_InExSu\Haggarty-mathematic-discrete-for-programmers-2012\lib_Math_Discrete.php on line 50
[05-Jan-2023 17:10:46 UTC] PHP Notice:  Undefined offset: 2 in C:\_GitHub\PHP_CS_InExSu\Haggarty-mathematic-discrete-for-programmers-2012\lib_Math_Discrete.php on line 52
[05-Jan-2023 17:10:46 UTC] PHP Notice:  Undefined offset: 2 in C:\_GitHub\PHP_CS_InExSu\Haggarty-mathematic-discrete-for-programmers-2012\lib_Math_Discrete.php on line 50
[05-Jan-2023 17:10:46 UTC] PHP Notice:  Undefined offset: 2 in C:\_GitHub\PHP_CS_InExSu\Haggarty-mathematic-discrete-for-programmers-2012\lib_Math_Discrete.php on line 50
[05-Jan-2023 17:10:46 UTC] PHP Notice:  Undefined offset: 2 in C:\_GitHub\PHP_CS_InExSu\Haggarty-mathematic-discrete-for-programmers-2012\lib_Math_Discrete.php on line 50
[05-Jan-2023 17:10:46 UTC] PHP Notice:  Undefined offset: 2 in C:\_GitHub\PHP_CS_InExSu\Haggarty-mathematic-discrete-for-programmers-2012\lib_Math_Discrete.php on line 50
[05-Jan-2023 17:10:46 UTC] PHP Warning:  array_merge(): Expected parameter 1 to be an array, string given in C:\_GitHub\PHP_CS_InExSu\Haggarty-mathematic-discrete-for-programmers-2012\lib_Math_Discrete.php on line 19
[05-Jan-2023 17:10:46 UTC] PHP Warning:  Use of undefined constant array_way - assumed 'array_way' (this will throw an Error in a future version of PHP) in C:\_GitHub\PHP_CS_InExSu\Haggarty-mathematic-discrete-for-programmers-2012\lib_Math_Discrete.php on line 19
[05-Jan-2023 17:10:46 UTC] PHP Notice:  Undefined offset: 2 in C:\_GitHub\PHP_CS_InExSu\Haggarty-mathematic-discrete-for-programmers-2012\lib_Math_Discrete.php on line 50
[05-Jan-2023 17:10:46 UTC] PHP Notice:  Undefined offset: 2 in C:\_GitHub\PHP_CS_InExSu\Haggarty-mathematic-discrete-for-programmers-2012\lib_Math_Discrete.php on line 52
[05-Jan-2023 17:10:46 UTC] PHP Notice:  Undefined offset: 2 in C:\_GitHub\PHP_CS_InExSu\Haggarty-mathematic-discrete-for-programmers-2012\lib_Math_Discrete.php on line 50
[05-Jan-2023 17:10:46 UTC] PHP Notice:  Undefined offset: 2 in C:\_GitHub\PHP_CS_InExSu\Haggarty-mathematic-discrete-for-programmers-2012\lib_Math_Discrete.php on line 50
[05-Jan-2023 17:10:46 UTC] PHP Notice:  Undefined offset: 2 in C:\_GitHub\PHP_CS_InExSu\Haggarty-mathematic-discrete-for-programmers-2012\lib_Math_Discrete.php on line 50
[05-Jan-2023 17:10:46 UTC] PHP Notice:  Undefined offset: 2 in C:\_GitHub\PHP_CS_InExSu\Haggarty-mathematic-discrete-for-programmers-2012\lib_Math_Discrete.php on line 50
[05-Jan-2023 17:10:46 UTC] PHP Warning:  array_merge(): Expected parameter 1 to be an array, string given in C:\_GitHub\PHP_CS_InExSu\Haggarty-mathematic-discrete-for-programmers-2012\lib_Math_Discrete.php on line 19
[05-Jan-2023 17:10:46 UTC] PHP Warning:  Use of undefined constant array_way - assumed 'array_way' (this will throw an Error in a future version of PHP) in C:\_GitHub\PHP_CS_InExSu\Haggarty-mathematic-discrete-for-programmers-2012\lib_Math_Discrete.php on line 19
[05-Jan-2023 17:10:46 UTC] PHP Notice:  Undefined offset: 2 in C:\_GitHub\PHP_CS_InExSu\Haggarty-mathematic-discrete-for-programmers-2012\lib_Math_Discrete.php on line 50
[05-Jan-2023 17:10:46 UTC] PHP Notice:  Undefined offset: 2 in C:\_GitHub\PHP_CS_InExSu\Haggarty-mathematic-discrete-for-programmers-2012\lib_Math_Discrete.php on line 52
[05-Jan-2023 17:10:46 UTC] PHP Notice:  Undefined offset: 2 in C:\_GitHub\PHP_CS_InExSu\Haggarty-mathematic-discrete-for-programmers-2012\lib_Math_Discrete.php on line 50
[05-Jan-2023 17:10:46 UTC] PHP Notice:  Undefined offset: 2 in C:\_GitHub\PHP_CS_InExSu\Haggarty-mathematic-discrete-for-programmers-2012\lib_Math_Discrete.php on line 50
[05-Jan-2023 17:10:46 UTC] PHP Notice:  Undefined offset: 2 in C:\_GitHub\PHP_CS_InExSu\Haggarty-mathematic-discrete-for-programmers-2012\lib_Math_Discrete.php on line 50
[05-Jan-2023 17:10:46 UTC] PHP Notice:  Undefined offset: 2 in C:\_GitHub\PHP_CS_InExSu\Haggarty-mathematic-discrete-for-programmers-2012\lib_Math_Discrete.php on line 50
[05-Jan-2023 17:10:46 UTC] PHP Warning:  array_merge(): Expected parameter 1 to be an array, string given in C:\_GitHub\PHP_CS_InExSu\Haggarty-mathematic-discrete-for-programmers-2012\lib_Math_Discrete.php on line 19
[05-Jan-2023 17:10:46 UTC] PHP Warning:  Use of undefined constant array_way - assumed 'array_way' (this will throw an Error in a future version of PHP) in C:\_GitHub\PHP_CS_InExSu\Haggarty-mathematic-discrete-for-programmers-2012\lib_Math_Discrete.php on line 19
[05-Jan-2023 17:10:46 UTC] PHP Notice:  Undefined offset: 2 in C:\_GitHub\PHP_CS_InExSu\Haggarty-mathematic-discrete-for-programmers-2012\lib_Math_Discrete.php on line 50
[05-Jan-2023 17:10:46 UTC] PHP Notice:  Undefined offset: 2 in C:\_GitHub\PHP_CS_InExSu\Haggarty-mathematic-discrete-for-programmers-2012\lib_Math_Discrete.php on line 52
[05-Jan-2023 17:10:46 UTC] PHP Notice:  Undefined offset: 2 in C:\_GitHub\PHP_CS_InExSu\Haggarty-mathematic-discrete-for-programmers-2012\lib_Math_Discrete.php on line 50
[05-Jan-2023 17:10:46 UTC] PHP Notice:  Undefined offset: 2 in C:\_GitHub\PHP_CS_InExSu\Haggarty-mathematic-discrete-for-programmers-2012\lib_Math_Discrete.php on line 50
[05-Jan-2023 17:10:46 UTC] PHP Notice:  Undefined offset: 2 in C:\_GitHub\PHP_CS_InExSu\Haggarty-mathematic-discrete-for-programmers-2012\lib_Math_Discrete.php on line 50
[05-Jan-2023 17:10:46 UTC] PHP Notice:  Undefined offset: 2 in C:\_GitHub\PHP_CS_InExSu\Haggarty-mathematic-discrete-for-programmers-2012\lib_Math_Discrete.php on line 50
[05-Jan-2023 17:10:46 UTC] PHP Notice:  Undefined offset: 2 in C:\_GitHub\PHP_CS_InExSu\Haggarty-mathematic-discrete-for-programmers-2012\lib_Math_Discrete.php on line 50
[05-Jan-2023 17:10:46 UTC] PHP Warning:  array_merge(): Expected parameter 1 to be an array, string given in C:\_GitHub\PHP_CS_InExSu\Haggarty-mathematic-discrete-for-programmers-2012\lib_Math_Discrete.php on line 19
[05-Jan-2023 17:11:31 UTC] PHP Warning:  Use of undefined constant array_way - assumed 'array_way' (this will throw an Error in a future version of PHP) in C:\_GitHub\PHP_CS_InExSu\Haggarty-mathematic-discrete-for-programmers-2012\lib_Math_Discrete.php on line 19
[05-Jan-2023 17:11:31 UTC] PHP Notice:  Undefined offset: 2 in C:\_GitHub\PHP_CS_InExSu\Haggarty-mathematic-discrete-for-programmers-2012\lib_Math_Discrete.php on line 50
[05-Jan-2023 17:11:31 UTC] PHP Notice:  Undefined offset: 2 in C:\_GitHub\PHP_CS_InExSu\Haggarty-mathematic-discrete-for-programmers-2012\lib_Math_Discrete.php on line 52
[05-Jan-2023 17:11:31 UTC] PHP Warning:  array_merge(): Expected parameter 1 to be an array, string given in C:\_GitHub\PHP_CS_InExSu\Haggarty-mathematic-discrete-for-programmers-2012\lib_Math_Discrete.php on line 19
[05-Jan-2023 17:11:31 UTC] PHP Warning:  Use of undefined constant array_way - assumed 'array_way' (this will throw an Error in a future version of PHP) in C:\_GitHub\PHP_CS_InExSu\Haggarty-mathematic-discrete-for-programmers-2012\lib_Math_Discrete.php on line 19
[05-Jan-2023 17:11:31 UTC] PHP Notice:  Undefined offset: 2 in C:\_GitHub\PHP_CS_InExSu\Haggarty-mathematic-discrete-for-programmers-2012\lib_Math_Discrete.php on line 50
[05-Jan-2023 17:11:31 UTC] PHP Notice:  Undefined offset: 2 in C:\_GitHub\PHP_CS_InExSu\Haggarty-mathematic-discrete-for-programmers-2012\lib_Math_Discrete.php on line 52
[05-Jan-2023 17:11:31 UTC] PHP Notice:  Undefined offset: 2 in C:\_GitHub\PHP_CS_InExSu\Haggarty-mathematic-discrete-for-programmers-2012\lib_Math_Discrete.php on line 50
[05-Jan-2023 17:11:31 UTC] PHP Warning:  array_merge(): Expected parameter 1 to be an array, string given in C:\_GitHub\PHP_CS_InExSu\Haggarty-mathematic-discrete-for-programmers-2012\lib_Math_Discrete.php on line 19
[05-Jan-2023 17:11:31 UTC] PHP Warning:  Use of undefined constant array_way - assumed 'array_way' (this will throw an Error in a future version of PHP) in C:\_GitHub\PHP_CS_InExSu\Haggarty-mathematic-discrete-for-programmers-2012\lib_Math_Discrete.php on line 19
[05-Jan-2023 17:11:31 UTC] PHP Notice:  Undefined offset: 2 in C:\_GitHub\PHP_CS_InExSu\Haggarty-mathematic-discrete-for-programmers-2012\lib_Math_Discrete.php on line 50
[05-Jan-2023 17:11:31 UTC] PHP Notice:  Undefined offset: 2 in C:\_GitHub\PHP_CS_InExSu\Haggarty-mathematic-discrete-for-programmers-2012\lib_Math_Discrete.php on line 52
[05-Jan-2023 17:11:31 UTC] PHP Notice:  Undefined offset: 2 in C:\_GitHub\PHP_CS_InExSu\Haggarty-mathematic-discrete-for-programmers-2012\lib_Math_Discrete.php on line 50
[05-Jan-2023 17:11:31 UTC] PHP Notice:  Undefined offset: 2 in C:\_GitHub\PHP_CS_InExSu\Haggarty-mathematic-discrete-for-programmers-2012\lib_Math_Discrete.php on line 50
[05-Jan-2023 17:11:31 UTC] PHP Warning:  array_merge(): Expected parameter 1 to be an array, string given in C:\_GitHub\PHP_CS_InExSu\Haggarty-mathematic-discrete-for-programmers-2012\lib_Math_Discrete.php on line 19
[05-Jan-2023 17:11:31 UTC] PHP Warning:  Use of undefined constant array_way - assumed 'array_way' (this will throw an Error in a future version of PHP) in C:\_GitHub\PHP_CS_InExSu\Haggarty-mathematic-discrete-for-programmers-2012\lib_Math_Discrete.php on line 19
[05-Jan-2023 17:11:31 UTC] PHP Notice:  Undefined offset: 2 in C:\_GitHub\PHP_CS_InExSu\Haggarty-mathematic-discrete-for-programmers-2012\lib_Math_Discrete.php on line 50
[05-Jan-2023 17:11:31 UTC] PHP Notice:  Undefined offset: 2 in C:\_GitHub\PHP_CS_InExSu\Haggarty-mathematic-discrete-for-programmers-2012\lib_Math_Discrete.php on line 52
[05-Jan-2023 17:11:31 UTC] PHP Notice:  Undefined offset: 2 in C:\_GitHub\PHP_CS_InExSu\Haggarty-mathematic-discrete-for-programmers-2012\lib_Math_Discrete.php on line 50
[05-Jan-2023 17:11:31 UTC] PHP Notice:  Undefined offset: 2 in C:\_GitHub\PHP_CS_InExSu\Haggarty-mathematic-discrete-for-programmers-2012\lib_Math_Discrete.php on line 50
[05-Jan-2023 17:11:31 UTC] PHP Notice:  Undefined offset: 2 in C:\_GitHub\PHP_CS_InExSu\Haggarty-mathematic-discrete-for-programmers-2012\lib_Math_Discrete.php on line 50
[05-Jan-2023 17:11:31 UTC] PHP Warning:  array_merge(): Expected parameter 1 to be an array, string given in C:\_GitHub\PHP_CS_InExSu\Haggarty-mathematic-discrete-for-programmers-2012\lib_Math_Discrete.php on line 19
[05-Jan-2023 17:11:31 UTC] PHP Warning:  Use of undefined constant array_way - assumed 'array_way' (this will throw an Error in a future version of PHP) in C:\_GitHub\PHP_CS_InExSu\Haggarty-mathematic-discrete-for-programmers-2012\lib_Math_Discrete.php on line 19
[05-Jan-2023 17:11:31 UTC] PHP Notice:  Undefined offset: 2 in C:\_GitHub\PHP_CS_InExSu\Haggarty-mathematic-discrete-for-programmers-2012\lib_Math_Discrete.php on line 50
[05-Jan-2023 17:11:31 UTC] PHP Notice:  Undefined offset: 2 in C:\_GitHub\PHP_CS_InExSu\Haggarty-mathematic-discrete-for-programmers-2012\lib_Math_Discrete.php on line 52
[05-Jan-2023 17:11:31 UTC] PHP Notice:  Undefined offset: 2 in C:\_GitHub\PHP_CS_InExSu\Haggarty-mathematic-discrete-for-programmers-2012\lib_Math_Discrete.php on line 50
[05-Jan-2023 17:11:31 UTC] PHP Notice:  Undefined offset: 2 in C:\_GitHub\PHP_CS_InExSu\Haggarty-mathematic-discrete-for-programmers-2012\lib_Math_Discrete.php on line 50
[05-Jan-2023 17:11:31 UTC] PHP Notice:  Undefined offset: 2 in C:\_GitHub\PHP_CS_InExSu\Haggarty-mathematic-discrete-for-programmers-2012\lib_Math_Discrete.php on line 50
[05-Jan-2023 17:11:31 UTC] PHP Warning:  array_merge(): Expected parameter 1 to be an array, string given in C:\_GitHub\PHP_CS_InExSu\Haggarty-mathematic-discrete-for-programmers-2012\lib_Math_Discrete.php on line 19
[05-Jan-2023 17:11:31 UTC] PHP Warning:  Use of undefined constant array_way - assumed 'array_way' (this will throw an Error in a future version of PHP) in C:\_GitHub\PHP_CS_InExSu\Haggarty-mathematic-discrete-for-programmers-2012\lib_Math_Discrete.php on line 19
[05-Jan-2023 17:11:31 UTC] PHP Notice:  Undefined offset: 2 in C:\_GitHub\PHP_CS_InExSu\Haggarty-mathematic-discrete-for-programmers-2012\lib_Math_Discrete.php on line 50
[05-Jan-2023 17:11:31 UTC] PHP Notice:  Undefined offset: 2 in C:\_GitHub\PHP_CS_InExSu\Haggarty-mathematic-discrete-for-programmers-2012\lib_Math_Discrete.php on line 52
[05-Jan-2023 17:11:31 UTC] PHP Notice:  Undefined offset: 2 in C:\_GitHub\PHP_CS_InExSu\Haggarty-mathematic-discrete-for-programmers-2012\lib_Math_Discrete.php on line 50
[05-Jan-2023 17:11:31 UTC] PHP Notice:  Undefined offset: 2 in C:\_GitHub\PHP_CS_InExSu\Haggarty-mathematic-discrete-for-programmers-2012\lib_Math_Discrete.php on line 50
[05-Jan-2023 17:11:31 UTC] PHP Notice:  Undefined offset: 2 in C:\_GitHub\PHP_CS_InExSu\Haggarty-mathematic-discrete-for-programmers-2012\lib_Math_Discrete.php on line 50
[05-Jan-2023 17:11:31 UTC] PHP Warning:  array_merge(): Expected parameter 1 to be an array, string given in C:\_GitHub\PHP_CS_InExSu\Haggarty-mathematic-discrete-for-programmers-2012\lib_Math_Discrete.php on line 19
[05-Jan-2023 17:11:31 UTC] PHP Warning:  Use of undefined constant array_way - assumed 'array_way' (this will throw an Error in a future version of PHP) in C:\_GitHub\PHP_CS_InExSu\Haggarty-mathematic-discrete-for-programmers-2012\lib_Math_Discrete.php on line 19
[05-Jan-2023 17:11:31 UTC] PHP Notice:  Undefined offset: 2 in C:\_GitHub\PHP_CS_InExSu\Haggarty-mathematic-discrete-for-programmers-2012\lib_Math_Discrete.php on line 50
[05-Jan-2023 17:11:31 UTC] PHP Notice:  Undefined offset: 2 in C:\_GitHub\PHP_CS_InExSu\Haggarty-mathematic-discrete-for-programmers-2012\lib_Math_Discrete.php on line 52
[05-Jan-2023 17:11:31 UTC] PHP Notice:  Undefined offset: 2 in C:\_GitHub\PHP_CS_InExSu\Haggarty-mathematic-discrete-for-programmers-2012\lib_Math_Discrete.php on line 50
[05-Jan-2023 17:11:31 UTC] PHP Notice:  Undefined offset: 2 in C:\_GitHub\PHP_CS_InExSu\Haggarty-mathematic-discrete-for-programmers-2012\lib_Math_Discrete.php on line 50
[05-Jan-2023 17:11:31 UTC] PHP Notice:  Undefined offset: 2 in C:\_GitHub\PHP_CS_InExSu\Haggarty-mathematic-discrete-for-programmers-2012\lib_Math_Discrete.php on line 50
[05-Jan-2023 17:11:31 UTC] PHP Warning:  array_merge(): Expected parameter 1 to be an array, string given in C:\_GitHub\PHP_CS_InExSu\Haggarty-mathematic-discrete-for-programmers-2012\lib_Math_Discrete.php on line 19
[05-Jan-2023 17:11:31 UTC] PHP Warning:  Use of undefined constant array_way - assumed 'array_way' (this will throw an Error in a future version of PHP) in C:\_GitHub\PHP_CS_InExSu\Haggarty-mathematic-discrete-for-programmers-2012\lib_Math_Discrete.php on line 19
[05-Jan-2023 17:11:31 UTC] PHP Notice:  Undefined offset: 2 in C:\_GitHub\PHP_CS_InExSu\Haggarty-mathematic-discrete-for-programmers-2012\lib_Math_Discrete.php on line 50
[05-Jan-2023 17:11:31 UTC] PHP Notice:  Undefined offset: 2 in C:\_GitHub\PHP_CS_InExSu\Haggarty-mathematic-discrete-for-programmers-2012\lib_Math_Discrete.php on line 52
[05-Jan-2023 17:11:31 UTC] PHP Notice:  Undefined offset: 2 in C:\_GitHub\PHP_CS_InExSu\Haggarty-mathematic-discrete-for-programmers-2012\lib_Math_Discrete.php on line 50
[05-Jan-2023 17:11:31 UTC] PHP Notice:  Undefined offset: 2 in C:\_GitHub\PHP_CS_InExSu\Haggarty-mathematic-discrete-for-programmers-2012\lib_Math_Discrete.php on line 50
[05-Jan-2023 17:11:31 UTC] PHP Notice:  Undefined offset: 2 in C:\_GitHub\PHP_CS_InExSu\Haggarty-mathematic-discrete-for-programmers-2012\lib_Math_Discrete.php on line 50
[05-Jan-2023 17:11:31 UTC] PHP Notice:  Undefined offset: 2 in C:\_GitHub\PHP_CS_InExSu\Haggarty-mathematic-discrete-for-programmers-2012\lib_Math_Discrete.php on line 50
[05-Jan-2023 17:11:31 UTC] PHP Warning:  array_merge(): Expected parameter 1 to be an array, string given in C:\_GitHub\PHP_CS_InExSu\Haggarty-mathematic-discrete-for-programmers-2012\lib_Math_Discrete.php on line 19
[05-Jan-2023 17:11:31 UTC] PHP Warning:  Use of undefined constant array_way - assumed 'array_way' (this will throw an Error in a future version of PHP) in C:\_GitHub\PHP_CS_InExSu\Haggarty-mathematic-discrete-for-programmers-2012\lib_Math_Discrete.php on line 19
[05-Jan-2023 17:11:31 UTC] PHP Notice:  Undefined offset: 2 in C:\_GitHub\PHP_CS_InExSu\Haggarty-mathematic-discrete-for-programmers-2012\lib_Math_Discrete.php on line 50
[05-Jan-2023 17:11:31 UTC] PHP Notice:  Undefined offset: 2 in C:\_GitHub\PHP_CS_InExSu\Haggarty-mathematic-discrete-for-programmers-2012\lib_Math_Discrete.php on line 52
[05-Jan-2023 17:11:31 UTC] PHP Notice:  Undefined offset: 2 in C:\_GitHub\PHP_CS_InExSu\Haggarty-mathematic-discrete-for-programmers-2012\lib_Math_Discrete.php on line 50
[05-Jan-2023 17:11:31 UTC] PHP Notice:  Undefined offset: 2 in C:\_GitHub\PHP_CS_InExSu\Haggarty-mathematic-discrete-for-programmers-2012\lib_Math_Discrete.php on line 50
[05-Jan-2023 17:11:31 UTC] PHP Notice:  Undefined offset: 2 in C:\_GitHub\PHP_CS_InExSu\Haggarty-mathematic-discrete-for-programmers-2012\lib_Math_Discrete.php on line 50
[05-Jan-2023 17:11:31 UTC] PHP Notice:  Undefined offset: 2 in C:\_GitHub\PHP_CS_InExSu\Haggarty-mathematic-discrete-for-programmers-2012\lib_Math_Discrete.php on line 50
[05-Jan-2023 17:11:31 UTC] PHP Warning:  array_merge(): Expected parameter 1 to be an array, string given in C:\_GitHub\PHP_CS_InExSu\Haggarty-mathematic-discrete-for-programmers-2012\lib_Math_Discrete.php on line 19
[05-Jan-2023 17:11:31 UTC] PHP Warning:  Use of undefined constant array_way - assumed 'array_way' (this will throw an Error in a future version of PHP) in C:\_GitHub\PHP_CS_InExSu\Haggarty-mathematic-discrete-for-programmers-2012\lib_Math_Discrete.php on line 19
[05-Jan-2023 17:11:31 UTC] PHP Notice:  Undefined offset: 2 in C:\_GitHub\PHP_CS_InExSu\Haggarty-mathematic-discrete-for-programmers-2012\lib_Math_Discrete.php on line 50
[05-Jan-2023 17:11:31 UTC] PHP Notice:  Undefined offset: 2 in C:\_GitHub\PHP_CS_InExSu\Haggarty-mathematic-discrete-for-programmers-2012\lib_Math_Discrete.php on line 52
[05-Jan-2023 17:11:31 UTC] PHP Notice:  Undefined offset: 2 in C:\_GitHub\PHP_CS_InExSu\Haggarty-mathematic-discrete-for-programmers-2012\lib_Math_Discrete.php on line 50
[05-Jan-2023 17:11:31 UTC] PHP Notice:  Undefined offset: 2 in C:\_GitHub\PHP_CS_InExSu\Haggarty-mathematic-discrete-for-programmers-2012\lib_Math_Discrete.php on line 50
[05-Jan-2023 17:11:31 UTC] PHP Notice:  Undefined offset: 2 in C:\_GitHub\PHP_CS_InExSu\Haggarty-mathematic-discrete-for-programmers-2012\lib_Math_Discrete.php on line 50
[05-Jan-2023 17:11:31 UTC] PHP Notice:  Undefined offset: 2 in C:\_GitHub\PHP_CS_InExSu\Haggarty-mathematic-discrete-for-programmers-2012\lib_Math_Discrete.php on line 50
[05-Jan-2023 17:11:31 UTC] PHP Warning:  array_merge(): Expected parameter 1 to be an array, string given in C:\_GitHub\PHP_CS_InExSu\Haggarty-mathematic-discrete-for-programmers-2012\lib_Math_Discrete.php on line 19
[05-Jan-2023 17:11:31 UTC] PHP Warning:  Use of undefined constant array_way - assumed 'array_way' (this will throw an Error in a future version of PHP) in C:\_GitHub\PHP_CS_InExSu\Haggarty-mathematic-discrete-for-programmers-2012\lib_Math_Discrete.php on line 19
[05-Jan-2023 17:11:31 UTC] PHP Notice:  Undefined offset: 2 in C:\_GitHub\PHP_CS_InExSu\Haggarty-mathematic-discrete-for-programmers-2012\lib_Math_Discrete.php on line 50
[05-Jan-2023 17:11:31 UTC] PHP Notice:  Undefined offset: 2 in C:\_GitHub\PHP_CS_InExSu\Haggarty-mathematic-discrete-for-programmers-2012\lib_Math_Discrete.php on line 52
[05-Jan-2023 17:11:31 UTC] PHP Notice:  Undefined offset: 2 in C:\_GitHub\PHP_CS_InExSu\Haggarty-mathematic-discrete-for-programmers-2012\lib_Math_Discrete.php on line 50
[05-Jan-2023 17:11:31 UTC] PHP Notice:  Undefined offset: 2 in C:\_GitHub\PHP_CS_InExSu\Haggarty-mathematic-discrete-for-programmers-2012\lib_Math_Discrete.php on line 50
[05-Jan-2023 17:11:31 UTC] PHP Notice:  Undefined offset: 2 in C:\_GitHub\PHP_CS_InExSu\Haggarty-mathematic-discrete-for-programmers-2012\lib_Math_Discrete.php on line 50
[05-Jan-2023 17:11:31 UTC] PHP Notice:  Undefined offset: 2 in C:\_GitHub\PHP_CS_InExSu\Haggarty-mathematic-discrete-for-programmers-2012\lib_Math_Discrete.php on line 50
[05-Jan-2023 17:11:31 UTC] PHP Warning:  array_merge(): Expected parameter 1 to be an array, string given in C:\_GitHub\PHP_CS_InExSu\Haggarty-mathematic-discrete-for-programmers-2012\lib_Math_Discrete.php on line 19
[05-Jan-2023 17:11:31 UTC] PHP Warning:  Use of undefined constant array_way - assumed 'array_way' (this will throw an Error in a future version of PHP) in C:\_GitHub\PHP_CS_InExSu\Haggarty-mathematic-discrete-for-programmers-2012\lib_Math_Discrete.php on line 19
[05-Jan-2023 17:11:31 UTC] PHP Notice:  Undefined offset: 2 in C:\_GitHub\PHP_CS_InExSu\Haggarty-mathematic-discrete-for-programmers-2012\lib_Math_Discrete.php on line 50
[05-Jan-2023 17:11:31 UTC] PHP Notice:  Undefined offset: 2 in C:\_GitHub\PHP_CS_InExSu\Haggarty-mathematic-discrete-for-programmers-2012\lib_Math_Discrete.php on line 52
[05-Jan-2023 17:11:31 UTC] PHP Notice:  Undefined offset: 2 in C:\_GitHub\PHP_CS_InExSu\Haggarty-mathematic-discrete-for-programmers-2012\lib_Math_Discrete.php on line 50
[05-Jan-2023 17:11:31 UTC] PHP Notice:  Undefined offset: 2 in C:\_GitHub\PHP_CS_InExSu\Haggarty-mathematic-discrete-for-programmers-2012\lib_Math_Discrete.php on line 50
[05-Jan-2023 17:11:31 UTC] PHP Notice:  Undefined offset: 2 in C:\_GitHub\PHP_CS_InExSu\Haggarty-mathematic-discrete-for-programmers-2012\lib_Math_Discrete.php on line 50
[05-Jan-2023 17:11:31 UTC] PHP Notice:  Undefined offset: 2 in C:\_GitHub\PHP_CS_InExSu\Haggarty-mathematic-discrete-for-programmers-2012\lib_Math_Discrete.php on line 50
[05-Jan-2023 17:11:31 UTC] PHP Notice:  Undefined offset: 2 in C:\_GitHub\PHP_CS_InExSu\Haggarty-mathematic-discrete-for-programmers-2012\lib_Math_Discrete.php on line 50
[05-Jan-2023 17:11:31 UTC] PHP Warning:  array_merge(): Expected parameter 1 to be an array, string given in C:\_GitHub\PHP_CS_InExSu\Haggarty-mathematic-discrete-for-programmers-2012\lib_Math_Discrete.php on line 19
[05-Jan-2023 17:11:31 UTC] PHP Fatal error:  Uncaught TypeError: Return value of graph_Prim() must be of the type array, null returned in C:\_GitHub\PHP_CS_InExSu\Haggarty-mathematic-discrete-for-programmers-2012\lib_Math_Discrete.php:22
Stack trace:
#0 C:\_GitHub\PHP_CS_InExSu\Haggarty-mathematic-discrete-for-programmers-2012\lib_Math_Discrete_Tests.php(30): graph_Prim(Array)
#1 C:\_GitHub\PHP_CS_InExSu\Haggarty-mathematic-discrete-for-programmers-2012\lib_Math_Discrete_Tests.php(60): graph_Prim_Test()
#2 {main}
  thrown in C:\_GitHub\PHP_CS_InExSu\Haggarty-mathematic-discrete-for-programmers-2012\lib_Math_Discrete.php on line 22
[05-Jan-2023 17:12:04 UTC] PHP Notice:  Undefined variable: array_way in C:\_GitHub\PHP_CS_InExSu\Haggarty-mathematic-discrete-for-programmers-2012\lib_Math_Discrete.php on line 19
[05-Jan-2023 17:12:04 UTC] PHP Notice:  Undefined offset: 2 in C:\_GitHub\PHP_CS_InExSu\Haggarty-mathematic-discrete-for-programmers-2012\lib_Math_Discrete.php on line 50
[05-Jan-2023 17:12:04 UTC] PHP Notice:  Undefined offset: 2 in C:\_GitHub\PHP_CS_InExSu\Haggarty-mathematic-discrete-for-programmers-2012\lib_Math_Discrete.php on line 52
[05-Jan-2023 17:12:04 UTC] PHP Warning:  array_merge(): Expected parameter 1 to be an array, null given in C:\_GitHub\PHP_CS_InExSu\Haggarty-mathematic-discrete-for-programmers-2012\lib_Math_Discrete.php on line 19
[05-Jan-2023 17:12:04 UTC] PHP Notice:  Undefined variable: array_way in C:\_GitHub\PHP_CS_InExSu\Haggarty-mathematic-discrete-for-programmers-2012\lib_Math_Discrete.php on line 19
[05-Jan-2023 17:12:04 UTC] PHP Notice:  Undefined offset: 2 in C:\_GitHub\PHP_CS_InExSu\Haggarty-mathematic-discrete-for-programmers-2012\lib_Math_Discrete.php on line 50
[05-Jan-2023 17:12:04 UTC] PHP Notice:  Undefined offset: 2 in C:\_GitHub\PHP_CS_InExSu\Haggarty-mathematic-discrete-for-programmers-2012\lib_Math_Discrete.php on line 52
[05-Jan-2023 17:12:04 UTC] PHP Notice:  Undefined offset: 2 in C:\_GitHub\PHP_CS_InExSu\Haggarty-mathematic-discrete-for-programmers-2012\lib_Math_Discrete.php on line 50
[05-Jan-2023 17:12:04 UTC] PHP Warning:  array_merge(): Expected parameter 1 to be an array, null given in C:\_GitHub\PHP_CS_InExSu\Haggarty-mathematic-discrete-for-programmers-2012\lib_Math_Discrete.php on line 19
[05-Jan-2023 17:12:04 UTC] PHP Notice:  Undefined variable: array_way in C:\_GitHub\PHP_CS_InExSu\Haggarty-mathematic-discrete-for-programmers-2012\lib_Math_Discrete.php on line 19
[05-Jan-2023 17:12:04 UTC] PHP Notice:  Undefined offset: 2 in C:\_GitHub\PHP_CS_InExSu\Haggarty-mathematic-discrete-for-programmers-2012\lib_Math_Discrete.php on line 50
[05-Jan-2023 17:12:04 UTC] PHP Notice:  Undefined offset: 2 in C:\_GitHub\PHP_CS_InExSu\Haggarty-mathematic-discrete-for-programmers-2012\lib_Math_Discrete.php on line 52
[05-Jan-2023 17:12:04 UTC] PHP Notice:  Undefined offset: 2 in C:\_GitHub\PHP_CS_InExSu\Haggarty-mathematic-discrete-for-programmers-2012\lib_Math_Discrete.php on line 50
[05-Jan-2023 17:12:04 UTC] PHP Notice:  Undefined offset: 2 in C:\_GitHub\PHP_CS_InExSu\Haggarty-mathematic-discrete-for-programmers-2012\lib_Math_Discrete.php on line 50
[05-Jan-2023 17:12:04 UTC] PHP Warning:  array_merge(): Expected parameter 1 to be an array, null given in C:\_GitHub\PHP_CS_InExSu\Haggarty-mathematic-discrete-for-programmers-2012\lib_Math_Discrete.php on line 19
[05-Jan-2023 17:12:04 UTC] PHP Notice:  Undefined variable: array_way in C:\_GitHub\PHP_CS_InExSu\Haggarty-mathematic-discrete-for-programmers-2012\lib_Math_Discrete.php on line 19
[05-Jan-2023 17:12:04 UTC] PHP Notice:  Undefined offset: 2 in C:\_GitHub\PHP_CS_InExSu\Haggarty-mathematic-discrete-for-programmers-2012\lib_Math_Discrete.php on line 50
[05-Jan-2023 17:12:04 UTC] PHP Notice:  Undefined offset: 2 in C:\_GitHub\PHP_CS_InExSu\Haggarty-mathematic-discrete-for-programmers-2012\lib_Math_Discrete.php on line 52
[05-Jan-2023 17:12:04 UTC] PHP Notice:  Undefined offset: 2 in C:\_GitHub\PHP_CS_InExSu\Haggarty-mathematic-discrete-for-programmers-2012\lib_Math_Discrete.php on line 50
[05-Jan-2023 17:12:04 UTC] PHP Notice:  Undefined offset: 2 in C:\_GitHub\PHP_CS_InExSu\Haggarty-mathematic-discrete-for-programmers-2012\lib_Math_Discrete.php on line 50
[05-Jan-2023 17:12:04 UTC] PHP Notice:  Undefined offset: 2 in C:\_GitHub\PHP_CS_InExSu\Haggarty-mathematic-discrete-for-programmers-2012\lib_Math_Discrete.php on line 50
[05-Jan-2023 17:12:04 UTC] PHP Warning:  array_merge(): Expected parameter 1 to be an array, null given in C:\_GitHub\PHP_CS_InExSu\Haggarty-mathematic-discrete-for-programmers-2012\lib_Math_Discrete.php on line 19
[05-Jan-2023 17:12:04 UTC] PHP Notice:  Undefined variable: array_way in C:\_GitHub\PHP_CS_InExSu\Haggarty-mathematic-discrete-for-programmers-2012\lib_Math_Discrete.php on line 19
[05-Jan-2023 17:12:04 UTC] PHP Notice:  Undefined offset: 2 in C:\_GitHub\PHP_CS_InExSu\Haggarty-mathematic-discrete-for-programmers-2012\lib_Math_Discrete.php on line 50
[05-Jan-2023 17:12:04 UTC] PHP Notice:  Undefined offset: 2 in C:\_GitHub\PHP_CS_InExSu\Haggarty-mathematic-discrete-for-programmers-2012\lib_Math_Discrete.php on line 52
[05-Jan-2023 17:12:04 UTC] PHP Notice:  Undefined offset: 2 in C:\_GitHub\PHP_CS_InExSu\Haggarty-mathematic-discrete-for-programmers-2012\lib_Math_Discrete.php on line 50
[05-Jan-2023 17:12:04 UTC] PHP Notice:  Undefined offset: 2 in C:\_GitHub\PHP_CS_InExSu\Haggarty-mathematic-discrete-for-programmers-2012\lib_Math_Discrete.php on line 50
[05-Jan-2023 17:12:04 UTC] PHP Notice:  Undefined offset: 2 in C:\_GitHub\PHP_CS_InExSu\Haggarty-mathematic-discrete-for-programmers-2012\lib_Math_Discrete.php on line 50
[05-Jan-2023 17:12:04 UTC] PHP Warning:  array_merge(): Expected parameter 1 to be an array, null given in C:\_GitHub\PHP_CS_InExSu\Haggarty-mathematic-discrete-for-programmers-2012\lib_Math_Discrete.php on line 19
[05-Jan-2023 17:12:04 UTC] PHP Notice:  Undefined variable: array_way in C:\_GitHub\PHP_CS_InExSu\Haggarty-mathematic-discrete-for-programmers-2012\lib_Math_Discrete.php on line 19
[05-Jan-2023 17:12:04 UTC] PHP Notice:  Undefined offset: 2 in C:\_GitHub\PHP_CS_InExSu\Haggarty-mathematic-discrete-for-programmers-2012\lib_Math_Discrete.php on line 50
[05-Jan-2023 17:12:04 UTC] PHP Notice:  Undefined offset: 2 in C:\_GitHub\PHP_CS_InExSu\Haggarty-mathematic-discrete-for-programmers-2012\lib_Math_Discrete.php on line 52
[05-Jan-2023 17:12:04 UTC] PHP Notice:  Undefined offset: 2 in C:\_GitHub\PHP_CS_InExSu\Haggarty-mathematic-discrete-for-programmers-2012\lib_Math_Discrete.php on line 50
[05-Jan-2023 17:12:04 UTC] PHP Notice:  Undefined offset: 2 in C:\_GitHub\PHP_CS_InExSu\Haggarty-mathematic-discrete-for-programmers-2012\lib_Math_Discrete.php on line 50
[05-Jan-2023 17:12:04 UTC] PHP Notice:  Undefined offset: 2 in C:\_GitHub\PHP_CS_InExSu\Haggarty-mathematic-discrete-for-programmers-2012\lib_Math_Discrete.php on line 50
[05-Jan-2023 17:12:04 UTC] PHP Warning:  array_merge(): Expected parameter 1 to be an array, null given in C:\_GitHub\PHP_CS_InExSu\Haggarty-mathematic-discrete-for-programmers-2012\lib_Math_Discrete.php on line 19
[05-Jan-2023 17:12:04 UTC] PHP Notice:  Undefined variable: array_way in C:\_GitHub\PHP_CS_InExSu\Haggarty-mathematic-discrete-for-programmers-2012\lib_Math_Discrete.php on line 19
[05-Jan-2023 17:12:04 UTC] PHP Notice:  Undefined offset: 2 in C:\_GitHub\PHP_CS_InExSu\Haggarty-mathematic-discrete-for-programmers-2012\lib_Math_Discrete.php on line 50
[05-Jan-2023 17:12:04 UTC] PHP Notice:  Undefined offset: 2 in C:\_GitHub\PHP_CS_InExSu\Haggarty-mathematic-discrete-for-programmers-2012\lib_Math_Discrete.php on line 52
[05-Jan-2023 17:12:04 UTC] PHP Notice:  Undefined offset: 2 in C:\_GitHub\PHP_CS_InExSu\Haggarty-mathematic-discrete-for-programmers-2012\lib_Math_Discrete.php on line 50
[05-Jan-2023 17:12:04 UTC] PHP Notice:  Undefined offset: 2 in C:\_GitHub\PHP_CS_InExSu\Haggarty-mathematic-discrete-for-programmers-2012\lib_Math_Discrete.php on line 50
[05-Jan-2023 17:12:04 UTC] PHP Notice:  Undefined offset: 2 in C:\_GitHub\PHP_CS_InExSu\Haggarty-mathematic-discrete-for-programmers-2012\lib_Math_Discrete.php on line 50
[05-Jan-2023 17:12:04 UTC] PHP Warning:  array_merge(): Expected parameter 1 to be an array, null given in C:\_GitHub\PHP_CS_InExSu\Haggarty-mathematic-discrete-for-programmers-2012\lib_Math_Discrete.php on line 19
[05-Jan-2023 17:12:04 UTC] PHP Notice:  Undefined variable: array_way in C:\_GitHub\PHP_CS_InExSu\Haggarty-mathematic-discrete-for-programmers-2012\lib_Math_Discrete.php on line 19
[05-Jan-2023 17:12:04 UTC] PHP Notice:  Undefined offset: 2 in C:\_GitHub\PHP_CS_InExSu\Haggarty-mathematic-discrete-for-programmers-2012\lib_Math_Discrete.php on line 50
[05-Jan-2023 17:12:04 UTC] PHP Notice:  Undefined offset: 2 in C:\_GitHub\PHP_CS_InExSu\Haggarty-mathematic-discrete-for-programmers-2012\lib_Math_Discrete.php on line 52
[05-Jan-2023 17:12:04 UTC] PHP Notice:  Undefined offset: 2 in C:\_GitHub\PHP_CS_InExSu\Haggarty-mathematic-discrete-for-programmers-2012\lib_Math_Discrete.php on line 50
[05-Jan-2023 17:12:04 UTC] PHP Notice:  Undefined offset: 2 in C:\_GitHub\PHP_CS_InExSu\Haggarty-mathematic-discrete-for-programmers-2012\lib_Math_Discrete.php on line 50
[05-Jan-2023 17:12:04 UTC] PHP Notice:  Undefined offset: 2 in C:\_GitHub\PHP_CS_InExSu\Haggarty-mathematic-discrete-for-programmers-2012\lib_Math_Discrete.php on line 50
[05-Jan-2023 17:12:04 UTC] PHP Notice:  Undefined offset: 2 in C:\_GitHub\PHP_CS_InExSu\Haggarty-mathematic-discrete-for-programmers-2012\lib_Math_Discrete.php on line 50
[05-Jan-2023 17:12:04 UTC] PHP Warning:  array_merge(): Expected parameter 1 to be an array, null given in C:\_GitHub\PHP_CS_InExSu\Haggarty-mathematic-discrete-for-programmers-2012\lib_Math_Discrete.php on line 19
[05-Jan-2023 17:12:04 UTC] PHP Notice:  Undefined variable: array_way in C:\_GitHub\PHP_CS_InExSu\Haggarty-mathematic-discrete-for-programmers-2012\lib_Math_Discrete.php on line 19
[05-Jan-2023 17:12:04 UTC] PHP Notice:  Undefined offset: 2 in C:\_GitHub\PHP_CS_InExSu\Haggarty-mathematic-discrete-for-programmers-2012\lib_Math_Discrete.php on line 50
[05-Jan-2023 17:12:04 UTC] PHP Notice:  Undefined offset: 2 in C:\_GitHub\PHP_CS_InExSu\Haggarty-mathematic-discrete-for-programmers-2012\lib_Math_Discrete.php on line 52
[05-Jan-2023 17:12:04 UTC] PHP Notice:  Undefined offset: 2 in C:\_GitHub\PHP_CS_InExSu\Haggarty-mathematic-discrete-for-programmers-2012\lib_Math_Discrete.php on line 50
[05-Jan-2023 17:12:04 UTC] PHP Notice:  Undefined offset: 2 in C:\_GitHub\PHP_CS_InExSu\Haggarty-mathematic-discrete-for-programmers-2012\lib_Math_Discrete.php on line 50
[05-Jan-2023 17:12:04 UTC] PHP Notice:  Undefined offset: 2 in C:\_GitHub\PHP_CS_InExSu\Haggarty-mathematic-discrete-for-programmers-2012\lib_Math_Discrete.php on line 50
[05-Jan-2023 17:12:04 UTC] PHP Notice:  Undefined offset: 2 in C:\_GitHub\PHP_CS_InExSu\Haggarty-mathematic-discrete-for-programmers-2012\lib_Math_Discrete.php on line 50
[05-Jan-2023 17:12:04 UTC] PHP Warning:  array_merge(): Expected parameter 1 to be an array, null given in C:\_GitHub\PHP_CS_InExSu\Haggarty-mathematic-discrete-for-programmers-2012\lib_Math_Discrete.php on line 19
[05-Jan-2023 17:12:04 UTC] PHP Notice:  Undefined variable: array_way in C:\_GitHub\PHP_CS_InExSu\Haggarty-mathematic-discrete-for-programmers-2012\lib_Math_Discrete.php on line 19
[05-Jan-2023 17:12:04 UTC] PHP Notice:  Undefined offset: 2 in C:\_GitHub\PHP_CS_InExSu\Haggarty-mathematic-discrete-for-programmers-2012\lib_Math_Discrete.php on line 50
[05-Jan-2023 17:12:04 UTC] PHP Notice:  Undefined offset: 2 in C:\_GitHub\PHP_CS_InExSu\Haggarty-mathematic-discrete-for-programmers-2012\lib_Math_Discrete.php on line 52
[05-Jan-2023 17:12:04 UTC] PHP Notice:  Undefined offset: 2 in C:\_GitHub\PHP_CS_InExSu\Haggarty-mathematic-discrete-for-programmers-2012\lib_Math_Discrete.php on line 50
[05-Jan-2023 17:12:04 UTC] PHP Notice:  Undefined offset: 2 in C:\_GitHub\PHP_CS_InExSu\Haggarty-mathematic-discrete-for-programmers-2012\lib_Math_Discrete.php on line 50
[05-Jan-2023 17:12:04 UTC] PHP Notice:  Undefined offset: 2 in C:\_GitHub\PHP_CS_InExSu\Haggarty-mathematic-discrete-for-programmers-2012\lib_Math_Discrete.php on line 50
[05-Jan-2023 17:12:04 UTC] PHP Notice:  Undefined offset: 2 in C:\_GitHub\PHP_CS_InExSu\Haggarty-mathematic-discrete-for-programmers-2012\lib_Math_Discrete.php on line 50
[05-Jan-2023 17:12:04 UTC] PHP Warning:  array_merge(): Expected parameter 1 to be an array, null given in C:\_GitHub\PHP_CS_InExSu\Haggarty-mathematic-discrete-for-programmers-2012\lib_Math_Discrete.php on line 19
[05-Jan-2023 17:12:04 UTC] PHP Notice:  Undefined variable: array_way in C:\_GitHub\PHP_CS_InExSu\Haggarty-mathematic-discrete-for-programmers-2012\lib_Math_Discrete.php on line 19
[05-Jan-2023 17:12:04 UTC] PHP Notice:  Undefined offset: 2 in C:\_GitHub\PHP_CS_InExSu\Haggarty-mathematic-discrete-for-programmers-2012\lib_Math_Discrete.php on line 50
[05-Jan-2023 17:12:04 UTC] PHP Notice:  Undefined offset: 2 in C:\_GitHub\PHP_CS_InExSu\Haggarty-mathematic-discrete-for-programmers-2012\lib_Math_Discrete.php on line 52
[05-Jan-2023 17:12:04 UTC] PHP Notice:  Undefined offset: 2 in C:\_GitHub\PHP_CS_InExSu\Haggarty-mathematic-discrete-for-programmers-2012\lib_Math_Discrete.php on line 50
[05-Jan-2023 17:12:04 UTC] PHP Notice:  Undefined offset: 2 in C:\_GitHub\PHP_CS_InExSu\Haggarty-mathematic-discrete-for-programmers-2012\lib_Math_Discrete.php on line 50
[05-Jan-2023 17:12:04 UTC] PHP Notice:  Undefined offset: 2 in C:\_GitHub\PHP_CS_InExSu\Haggarty-mathematic-discrete-for-programmers-2012\lib_Math_Discrete.php on line 50
[05-Jan-2023 17:12:04 UTC] PHP Notice:  Undefined offset: 2 in C:\_GitHub\PHP_CS_InExSu\Haggarty-mathematic-discrete-for-programmers-2012\lib_Math_Discrete.php on line 50
[05-Jan-2023 17:12:04 UTC] PHP Warning:  array_merge(): Expected parameter 1 to be an array, null given in C:\_GitHub\PHP_CS_InExSu\Haggarty-mathematic-discrete-for-programmers-2012\lib_Math_Discrete.php on line 19
[05-Jan-2023 17:12:04 UTC] PHP Notice:  Undefined variable: array_way in C:\_GitHub\PHP_CS_InExSu\Haggarty-mathematic-discrete-for-programmers-2012\lib_Math_Discrete.php on line 19
[05-Jan-2023 17:12:04 UTC] PHP Notice:  Undefined offset: 2 in C:\_GitHub\PHP_CS_InExSu\Haggarty-mathematic-discrete-for-programmers-2012\lib_Math_Discrete.php on line 50
[05-Jan-2023 17:12:04 UTC] PHP Notice:  Undefined offset: 2 in C:\_GitHub\PHP_CS_InExSu\Haggarty-mathematic-discrete-for-programmers-2012\lib_Math_Discrete.php on line 52
[05-Jan-2023 17:12:04 UTC] PHP Notice:  Undefined offset: 2 in C:\_GitHub\PHP_CS_InExSu\Haggarty-mathematic-discrete-for-programmers-2012\lib_Math_Discrete.php on line 50
[05-Jan-2023 17:12:04 UTC] PHP Notice:  Undefined offset: 2 in C:\_GitHub\PHP_CS_InExSu\Haggarty-mathematic-discrete-for-programmers-2012\lib_Math_Discrete.php on line 50
[05-Jan-2023 17:12:04 UTC] PHP Notice:  Undefined offset: 2 in C:\_GitHub\PHP_CS_InExSu\Haggarty-mathematic-discrete-for-programmers-2012\lib_Math_Discrete.php on line 50
[05-Jan-2023 17:12:04 UTC] PHP Notice:  Undefined offset: 2 in C:\_GitHub\PHP_CS_InExSu\Haggarty-mathematic-discrete-for-programmers-2012\lib_Math_Discrete.php on line 50
[05-Jan-2023 17:12:04 UTC] PHP Notice:  Undefined offset: 2 in C:\_GitHub\PHP_CS_InExSu\Haggarty-mathematic-discrete-for-programmers-2012\lib_Math_Discrete.php on line 50
[05-Jan-2023 17:12:04 UTC] PHP Warning:  array_merge(): Expected parameter 1 to be an array, null given in C:\_GitHub\PHP_CS_InExSu\Haggarty-mathematic-discrete-for-programmers-2012\lib_Math_Discrete.php on line 19
[05-Jan-2023 17:12:04 UTC] PHP Fatal error:  Uncaught TypeError: Return value of graph_Prim() must be of the type array, null returned in C:\_GitHub\PHP_CS_InExSu\Haggarty-mathematic-discrete-for-programmers-2012\lib_Math_Discrete.php:22
Stack trace:
#0 C:\_GitHub\PHP_CS_InExSu\Haggarty-mathematic-discrete-for-programmers-2012\lib_Math_Discrete_Tests.php(30): graph_Prim(Array)
#1 C:\_GitHub\PHP_CS_InExSu\Haggarty-mathematic-discrete-for-programmers-2012\lib_Math_Discrete_Tests.php(60): graph_Prim_Test()
#2 {main}
  thrown in C:\_GitHub\PHP_CS_InExSu\Haggarty-mathematic-discrete-for-programmers-2012\lib_Math_Discrete.php on line 22
[05-Jan-2023 17:12:26 UTC] PHP Notice:  Undefined offset: 2 in C:\_GitHub\PHP_CS_InExSu\Haggarty-mathematic-discrete-for-programmers-2012\lib_Math_Discrete.php on line 50
[05-Jan-2023 17:12:26 UTC] PHP Notice:  Undefined offset: 2 in C:\_GitHub\PHP_CS_InExSu\Haggarty-mathematic-discrete-for-programmers-2012\lib_Math_Discrete.php on line 52
[05-Jan-2023 17:12:26 UTC] PHP Notice:  Undefined offset: 2 in C:\_GitHub\PHP_CS_InExSu\Haggarty-mathematic-discrete-for-programmers-2012\lib_Math_Discrete.php on line 50
[05-Jan-2023 17:12:26 UTC] PHP Notice:  Undefined offset: 2 in C:\_GitHub\PHP_CS_InExSu\Haggarty-mathematic-discrete-for-programmers-2012\lib_Math_Discrete.php on line 52
[05-Jan-2023 17:12:26 UTC] PHP Notice:  Undefined offset: 2 in C:\_GitHub\PHP_CS_InExSu\Haggarty-mathematic-discrete-for-programmers-2012\lib_Math_Discrete.php on line 50
[05-Jan-2023 17:12:26 UTC] PHP Notice:  Undefined offset: 2 in C:\_GitHub\PHP_CS_InExSu\Haggarty-mathematic-discrete-for-programmers-2012\lib_Math_Discrete.php on line 50
[05-Jan-2023 17:12:26 UTC] PHP Notice:  Undefined offset: 2 in C:\_GitHub\PHP_CS_InExSu\Haggarty-mathematic-discrete-for-programmers-2012\lib_Math_Discrete.php on line 52
[05-Jan-2023 17:12:26 UTC] PHP Notice:  Undefined offset: 2 in C:\_GitHub\PHP_CS_InExSu\Haggarty-mathematic-discrete-for-programmers-2012\lib_Math_Discrete.php on line 50
[05-Jan-2023 17:12:26 UTC] PHP Notice:  Undefined offset: 2 in C:\_GitHub\PHP_CS_InExSu\Haggarty-mathematic-discrete-for-programmers-2012\lib_Math_Discrete.php on line 50
[05-Jan-2023 17:12:26 UTC] PHP Notice:  Undefined offset: 2 in C:\_GitHub\PHP_CS_InExSu\Haggarty-mathematic-discrete-for-programmers-2012\lib_Math_Discrete.php on line 50
[05-Jan-2023 17:12:26 UTC] PHP Notice:  Undefined offset: 2 in C:\_GitHub\PHP_CS_InExSu\Haggarty-mathematic-discrete-for-programmers-2012\lib_Math_Discrete.php on line 52
[05-Jan-2023 17:12:26 UTC] PHP Notice:  Undefined offset: 2 in C:\_GitHub\PHP_CS_InExSu\Haggarty-mathematic-discrete-for-programmers-2012\lib_Math_Discrete.php on line 50
[05-Jan-2023 17:12:26 UTC] PHP Notice:  Undefined offset: 2 in C:\_GitHub\PHP_CS_InExSu\Haggarty-mathematic-discrete-for-programmers-2012\lib_Math_Discrete.php on line 50
[05-Jan-2023 17:12:26 UTC] PHP Notice:  Undefined offset: 2 in C:\_GitHub\PHP_CS_InExSu\Haggarty-mathematic-discrete-for-programmers-2012\lib_Math_Discrete.php on line 50
[05-Jan-2023 17:12:26 UTC] PHP Notice:  Undefined offset: 2 in C:\_GitHub\PHP_CS_InExSu\Haggarty-mathematic-discrete-for-programmers-2012\lib_Math_Discrete.php on line 50
[05-Jan-2023 17:12:26 UTC] PHP Notice:  Undefined offset: 2 in C:\_GitHub\PHP_CS_InExSu\Haggarty-mathematic-discrete-for-programmers-2012\lib_Math_Discrete.php on line 52
[05-Jan-2023 17:12:26 UTC] PHP Notice:  Undefined offset: 2 in C:\_GitHub\PHP_CS_InExSu\Haggarty-mathematic-discrete-for-programmers-2012\lib_Math_Discrete.php on line 50
[05-Jan-2023 17:12:26 UTC] PHP Notice:  Undefined offset: 2 in C:\_GitHub\PHP_CS_InExSu\Haggarty-mathematic-discrete-for-programmers-2012\lib_Math_Discrete.php on line 50
[05-Jan-2023 17:12:26 UTC] PHP Notice:  Undefined offset: 2 in C:\_GitHub\PHP_CS_InExSu\Haggarty-mathematic-discrete-for-programmers-2012\lib_Math_Discrete.php on line 50
[05-Jan-2023 17:12:26 UTC] PHP Notice:  Undefined offset: 2 in C:\_GitHub\PHP_CS_InExSu\Haggarty-mathematic-discrete-for-programmers-2012\lib_Math_Discrete.php on line 50
[05-Jan-2023 17:12:26 UTC] PHP Notice:  Undefined offset: 2 in C:\_GitHub\PHP_CS_InExSu\Haggarty-mathematic-discrete-for-programmers-2012\lib_Math_Discrete.php on line 52
[05-Jan-2023 17:12:26 UTC] PHP Notice:  Undefined offset: 2 in C:\_GitHub\PHP_CS_InExSu\Haggarty-mathematic-discrete-for-programmers-2012\lib_Math_Discrete.php on line 50
[05-Jan-2023 17:12:26 UTC] PHP Notice:  Undefined offset: 2 in C:\_GitHub\PHP_CS_InExSu\Haggarty-mathematic-discrete-for-programmers-2012\lib_Math_Discrete.php on line 50
[05-Jan-2023 17:12:26 UTC] PHP Notice:  Undefined offset: 2 in C:\_GitHub\PHP_CS_InExSu\Haggarty-mathematic-discrete-for-programmers-2012\lib_Math_Discrete.php on line 50
[05-Jan-2023 17:12:26 UTC] PHP Notice:  Undefined offset: 2 in C:\_GitHub\PHP_CS_InExSu\Haggarty-mathematic-discrete-for-programmers-2012\lib_Math_Discrete.php on line 50
[05-Jan-2023 17:12:26 UTC] PHP Notice:  Undefined offset: 2 in C:\_GitHub\PHP_CS_InExSu\Haggarty-mathematic-discrete-for-programmers-2012\lib_Math_Discrete.php on line 52
[05-Jan-2023 17:12:26 UTC] PHP Notice:  Undefined offset: 2 in C:\_GitHub\PHP_CS_InExSu\Haggarty-mathematic-discrete-for-programmers-2012\lib_Math_Discrete.php on line 50
[05-Jan-2023 17:12:26 UTC] PHP Notice:  Undefined offset: 2 in C:\_GitHub\PHP_CS_InExSu\Haggarty-mathematic-discrete-for-programmers-2012\lib_Math_Discrete.php on line 50
[05-Jan-2023 17:12:26 UTC] PHP Notice:  Undefined offset: 2 in C:\_GitHub\PHP_CS_InExSu\Haggarty-mathematic-discrete-for-programmers-2012\lib_Math_Discrete.php on line 50
[05-Jan-2023 17:12:26 UTC] PHP Notice:  Undefined offset: 2 in C:\_GitHub\PHP_CS_InExSu\Haggarty-mathematic-discrete-for-programmers-2012\lib_Math_Discrete.php on line 50
[05-Jan-2023 17:12:26 UTC] PHP Notice:  Undefined offset: 2 in C:\_GitHub\PHP_CS_InExSu\Haggarty-mathematic-discrete-for-programmers-2012\lib_Math_Discrete.php on line 52
[05-Jan-2023 17:12:26 UTC] PHP Notice:  Undefined offset: 2 in C:\_GitHub\PHP_CS_InExSu\Haggarty-mathematic-discrete-for-programmers-2012\lib_Math_Discrete.php on line 50
[05-Jan-2023 17:12:26 UTC] PHP Notice:  Undefined offset: 2 in C:\_GitHub\PHP_CS_InExSu\Haggarty-mathematic-discrete-for-programmers-2012\lib_Math_Discrete.php on line 50
[05-Jan-2023 17:12:26 UTC] PHP Notice:  Undefined offset: 2 in C:\_GitHub\PHP_CS_InExSu\Haggarty-mathematic-discrete-for-programmers-2012\lib_Math_Discrete.php on line 50
[05-Jan-2023 17:12:26 UTC] PHP Notice:  Undefined offset: 2 in C:\_GitHub\PHP_CS_InExSu\Haggarty-mathematic-discrete-for-programmers-2012\lib_Math_Discrete.php on line 50
[05-Jan-2023 17:12:26 UTC] PHP Notice:  Undefined offset: 2 in C:\_GitHub\PHP_CS_InExSu\Haggarty-mathematic-discrete-for-programmers-2012\lib_Math_Discrete.php on line 50
[05-Jan-2023 17:12:26 UTC] PHP Notice:  Undefined offset: 2 in C:\_GitHub\PHP_CS_InExSu\Haggarty-mathematic-discrete-for-programmers-2012\lib_Math_Discrete.php on line 52
[05-Jan-2023 17:12:26 UTC] PHP Notice:  Undefined offset: 2 in C:\_GitHub\PHP_CS_InExSu\Haggarty-mathematic-discrete-for-programmers-2012\lib_Math_Discrete.php on line 50
[05-Jan-2023 17:12:26 UTC] PHP Notice:  Undefined offset: 2 in C:\_GitHub\PHP_CS_InExSu\Haggarty-mathematic-discrete-for-programmers-2012\lib_Math_Discrete.php on line 50
[05-Jan-2023 17:12:26 UTC] PHP Notice:  Undefined offset: 2 in C:\_GitHub\PHP_CS_InExSu\Haggarty-mathematic-discrete-for-programmers-2012\lib_Math_Discrete.php on line 50
[05-Jan-2023 17:12:26 UTC] PHP Notice:  Undefined offset: 2 in C:\_GitHub\PHP_CS_InExSu\Haggarty-mathematic-discrete-for-programmers-2012\lib_Math_Discrete.php on line 50
[05-Jan-2023 17:12:26 UTC] PHP Notice:  Undefined offset: 2 in C:\_GitHub\PHP_CS_InExSu\Haggarty-mathematic-discrete-for-programmers-2012\lib_Math_Discrete.php on line 50
[05-Jan-2023 17:12:26 UTC] PHP Notice:  Undefined offset: 2 in C:\_GitHub\PHP_CS_InExSu\Haggarty-mathematic-discrete-for-programmers-2012\lib_Math_Discrete.php on line 52
[05-Jan-2023 17:12:26 UTC] PHP Notice:  Undefined offset: 2 in C:\_GitHub\PHP_CS_InExSu\Haggarty-mathematic-discrete-for-programmers-2012\lib_Math_Discrete.php on line 50
[05-Jan-2023 17:12:26 UTC] PHP Notice:  Undefined offset: 2 in C:\_GitHub\PHP_CS_InExSu\Haggarty-mathematic-discrete-for-programmers-2012\lib_Math_Discrete.php on line 50
[05-Jan-2023 17:12:26 UTC] PHP Notice:  Undefined offset: 2 in C:\_GitHub\PHP_CS_InExSu\Haggarty-mathematic-discrete-for-programmers-2012\lib_Math_Discrete.php on line 50
[05-Jan-2023 17:12:26 UTC] PHP Notice:  Undefined offset: 2 in C:\_GitHub\PHP_CS_InExSu\Haggarty-mathematic-discrete-for-programmers-2012\lib_Math_Discrete.php on line 50
[05-Jan-2023 17:12:26 UTC] PHP Notice:  Undefined offset: 2 in C:\_GitHub\PHP_CS_InExSu\Haggarty-mathematic-discrete-for-programmers-2012\lib_Math_Discrete.php on line 50
[05-Jan-2023 17:12:26 UTC] PHP Notice:  Undefined offset: 2 in C:\_GitHub\PHP_CS_InExSu\Haggarty-mathematic-discrete-for-programmers-2012\lib_Math_Discrete.php on line 52
[05-Jan-2023 17:12:26 UTC] PHP Notice:  Undefined offset: 2 in C:\_GitHub\PHP_CS_InExSu\Haggarty-mathematic-discrete-for-programmers-2012\lib_Math_Discrete.php on line 50
[05-Jan-2023 17:12:26 UTC] PHP Notice:  Undefined offset: 2 in C:\_GitHub\PHP_CS_InExSu\Haggarty-mathematic-discrete-for-programmers-2012\lib_Math_Discrete.php on line 50
[05-Jan-2023 17:12:26 UTC] PHP Notice:  Undefined offset: 2 in C:\_GitHub\PHP_CS_InExSu\Haggarty-mathematic-discrete-for-programmers-2012\lib_Math_Discrete.php on line 50
[05-Jan-2023 17:12:26 UTC] PHP Notice:  Undefined offset: 2 in C:\_GitHub\PHP_CS_InExSu\Haggarty-mathematic-discrete-for-programmers-2012\lib_Math_Discrete.php on line 50
[05-Jan-2023 17:12:26 UTC] PHP Notice:  Undefined offset: 2 in C:\_GitHub\PHP_CS_InExSu\Haggarty-mathematic-discrete-for-programmers-2012\lib_Math_Discrete.php on line 50
[05-Jan-2023 17:12:26 UTC] PHP Notice:  Undefined offset: 2 in C:\_GitHub\PHP_CS_InExSu\Haggarty-mathematic-discrete-for-programmers-2012\lib_Math_Discrete.php on line 52
[05-Jan-2023 17:12:26 UTC] PHP Notice:  Undefined offset: 2 in C:\_GitHub\PHP_CS_InExSu\Haggarty-mathematic-discrete-for-programmers-2012\lib_Math_Discrete.php on line 50
[05-Jan-2023 17:12:26 UTC] PHP Notice:  Undefined offset: 2 in C:\_GitHub\PHP_CS_InExSu\Haggarty-mathematic-discrete-for-programmers-2012\lib_Math_Discrete.php on line 50
[05-Jan-2023 17:12:26 UTC] PHP Notice:  Undefined offset: 2 in C:\_GitHub\PHP_CS_InExSu\Haggarty-mathematic-discrete-for-programmers-2012\lib_Math_Discrete.php on line 50
[05-Jan-2023 17:12:26 UTC] PHP Notice:  Undefined offset: 2 in C:\_GitHub\PHP_CS_InExSu\Haggarty-mathematic-discrete-for-programmers-2012\lib_Math_Discrete.php on line 50
[05-Jan-2023 17:12:26 UTC] PHP Notice:  Undefined offset: 2 in C:\_GitHub\PHP_CS_InExSu\Haggarty-mathematic-discrete-for-programmers-2012\lib_Math_Discrete.php on line 50
[05-Jan-2023 17:31:43 UTC] PHP Notice:  Undefined index: A in C:\_GitHub\PHP_CS_InExSu\Haggarty-mathematic-discrete-for-programmers-2012\lib_Math_Discrete.php on line 36
[05-Jan-2023 17:31:43 UTC] PHP Notice:  Undefined index: A in C:\_GitHub\PHP_CS_InExSu\Haggarty-mathematic-discrete-for-programmers-2012\lib_Math_Discrete.php on line 36
[05-Jan-2023 17:31:43 UTC] PHP Notice:  Undefined index: B in C:\_GitHub\PHP_CS_InExSu\Haggarty-mathematic-discrete-for-programmers-2012\lib_Math_Discrete.php on line 36
[05-Jan-2023 17:31:43 UTC] PHP Notice:  Undefined index: B in C:\_GitHub\PHP_CS_InExSu\Haggarty-mathematic-discrete-for-programmers-2012\lib_Math_Discrete.php on line 36
[05-Jan-2023 17:31:43 UTC] PHP Notice:  Undefined index: C in C:\_GitHub\PHP_CS_InExSu\Haggarty-mathematic-discrete-for-programmers-2012\lib_Math_Discrete.php on line 36
[05-Jan-2023 17:31:43 UTC] PHP Notice:  Undefined index: C in C:\_GitHub\PHP_CS_InExSu\Haggarty-mathematic-discrete-for-programmers-2012\lib_Math_Discrete.php on line 36
[05-Jan-2023 17:31:43 UTC] PHP Notice:  Undefined index: C in C:\_GitHub\PHP_CS_InExSu\Haggarty-mathematic-discrete-for-programmers-2012\lib_Math_Discrete.php on line 36
[05-Jan-2023 17:31:43 UTC] PHP Notice:  Undefined index: D in C:\_GitHub\PHP_CS_InExSu\Haggarty-mathematic-discrete-for-programmers-2012\lib_Math_Discrete.php on line 36
[05-Jan-2023 17:31:43 UTC] PHP Notice:  Undefined index: E in C:\_GitHub\PHP_CS_InExSu\Haggarty-mathematic-discrete-for-programmers-2012\lib_Math_Discrete.php on line 36
[05-Jan-2023 17:31:43 UTC] PHP Notice:  Undefined index: E in C:\_GitHub\PHP_CS_InExSu\Haggarty-mathematic-discrete-for-programmers-2012\lib_Math_Discrete.php on line 36
[05-Jan-2023 17:31:43 UTC] PHP Notice:  Undefined index: E in C:\_GitHub\PHP_CS_InExSu\Haggarty-mathematic-discrete-for-programmers-2012\lib_Math_Discrete.php on line 36
[05-Jan-2023 17:31:43 UTC] PHP Notice:  Undefined index: F in C:\_GitHub\PHP_CS_InExSu\Haggarty-mathematic-discrete-for-programmers-2012\lib_Math_Discrete.php on line 36
[05-Jan-2023 17:32:09 UTC] PHP Notice:  Undefined offset: 9223372036854775807 in C:\_GitHub\PHP_CS_InExSu\Haggarty-mathematic-discrete-for-programmers-2012\lib_Math_Discrete.php on line 63
[05-Jan-2023 17:32:09 UTC] PHP Fatal error:  Uncaught TypeError: Return value of graph_Edges_Min() must be of the type array, null returned in C:\_GitHub\PHP_CS_InExSu\Haggarty-mathematic-discrete-for-programmers-2012\lib_Math_Discrete.php:63
Stack trace:
#0 C:\_GitHub\PHP_CS_InExSu\Haggarty-mathematic-discrete-for-programmers-2012\lib_Math_Discrete.php(19): graph_Edges_Min(Array)
#1 C:\_GitHub\PHP_CS_InExSu\Haggarty-mathematic-discrete-for-programmers-2012\lib_Math_Discrete_Tests.php(30): graph_Prim(Array)
#2 C:\_GitHub\PHP_CS_InExSu\Haggarty-mathematic-discrete-for-programmers-2012\lib_Math_Discrete_Tests.php(60): graph_Prim_Test()
#3 {main}
  thrown in C:\_GitHub\PHP_CS_InExSu\Haggarty-mathematic-discrete-for-programmers-2012\lib_Math_Discrete.php on line 63
